2025-05-23 19:51:04,318 INFO Importing example items from: /home/marcb/workspace/lotro/lotro_forge/example_data/example_items.xml
2025-05-23 19:51:04,318 INFO Using progressions from: /home/marcb/workspace/lotro/lotro_companion/lotro-data/lore/progressions.xml
2025-05-23 19:51:04,344 INFO Dropping all tables...
2025-05-23 19:51:04,371 INFO Recreating tables...
2025-05-23 19:51:04,431 INFO Database wiped successfully
2025-05-23 19:51:04,447 INFO Analyzing example items to determine required progression tables...
2025-05-23 19:51:04,448 INFO Parsed 11 total items, filtered to 11 equipment items level 500+
2025-05-23 19:51:04,448 INFO Processed 11 filtered items:
2025-05-23 19:51:04,448 INFO   Items with scaling: 9
2025-05-23 19:51:04,448 INFO   Items with stats: 11
2025-05-23 19:51:04,448 INFO Found 32 required progression tables
2025-05-23 19:51:04,448 INFO Found 32 required progression tables
2025-05-23 19:51:04,449 INFO Importing required progressions from /home/marcb/workspace/lotro/lotro_companion/lotro-data/lore/progressions.xml
2025-05-23 19:51:04,706 INFO Parsed 26 tables from progressions.xml
2025-05-23 19:51:04,767 INFO Successfully imported 26 tables and 504 values
2025-05-23 19:51:04,767 INFO Import completed successfully
2025-05-23 19:51:04,767 INFO Progressions import complete.
2025-05-23 19:51:04,767 INFO Analyzing required DPS tables...
2025-05-23 19:51:04,767 INFO Parsed 11 total items, filtered to 11 equipment items level 500+
2025-05-23 19:51:04,768 INFO Found 2 required DPS tables from 11 items
2025-05-23 19:51:04,768 INFO Found 2 required DPS tables
2025-05-23 19:51:04,768 INFO Importing 2 required DPS tables...
2025-05-23 19:51:04,774 INFO Parsed 6 DPS tables
2025-05-23 19:51:04,774 INFO Starting DPS tables import...
2025-05-23 19:51:04,862 INFO Successfully imported 2 DPS tables
2025-05-23 19:51:04,862 INFO Successfully imported 2 DPS tables
2025-05-23 19:51:04,863 INFO DPS tables import complete.
2025-05-23 19:51:04,863 INFO Importing example items from /home/marcb/workspace/lotro/lotro_forge/example_data/example_items.xml
2025-05-23 19:51:04,863 INFO Starting import process...
2025-05-23 19:51:04,863 INFO Parsed 11 total items, filtered to 11 equipment items level 500+
2025-05-23 19:51:04,863 INFO Transforming data...
2025-05-23 19:51:04,864 INFO Importing data...
2025-05-23 19:51:04,918 INFO Successfully imported 11 equipment items and 37 stats
2025-05-23 19:51:04,919 INFO Import completed successfully
2025-05-23 19:51:04,919 INFO Items import complete.
2025-05-23 19:51:04,919 INFO Copying required icons...
2025-05-23 19:51:04,922 INFO Icon copy complete: 0 new, 17 existing, 0 missing
2025-05-23 19:51:04,924 INFO All imports completed successfully
