2025-05-23 20:21:01,621 - __main__ - INFO - Logging to /home/marcb/workspace/lotro/lotro_forge/import_items_20250523_202101.log/import.log
2025-05-23 20:21:01,622 - __main__ - INFO - Starting items import...
2025-05-23 20:21:01,647 - __main__ - INFO - Dropping all tables...
2025-05-23 20:21:01,671 - __main__ - INFO - Recreating tables...
2025-05-23 20:21:01,736 - __main__ - INFO - Database wiped successfully
2025-05-23 20:21:01,736 - __main__ - INFO - Starting comprehensive items import with dependencies...
2025-05-23 20:21:01,736 - __main__ - INFO - Analyzing required progression tables...
2025-05-23 20:21:04,526 - ItemImporter - INFO - Parsed 143947 total items, filtered to 1854 equipment items level 500+
2025-05-23 20:21:05,066 - ItemImporter - INFO - Processed 1854 filtered items:
2025-05-23 20:21:05,066 - ItemImporter - INFO -   Items with scaling: 1575
2025-05-23 20:21:05,066 - ItemImporter - INFO -   Items with stats: 1854
2025-05-23 20:21:05,066 - ItemImporter - INFO - Found 291 required progression tables
2025-05-23 20:21:05,101 - ProgressionsImporter - INFO - Importing 291 specific progression tables...
2025-05-23 20:21:06,577 - ProgressionsImporter - INFO - Parsed 262 tables from progressions.xml
2025-05-23 20:21:06,960 - ProgressionsImporter - INFO - Successfully imported 262 tables and 4998 values
2025-05-23 20:21:06,961 - ProgressionsImporter - INFO - Successfully imported 262 specific progression tables
2025-05-23 20:21:06,962 - __main__ - INFO - Analyzing required DPS tables...
2025-05-23 20:21:09,337 - ItemImporter - INFO - Parsed 143947 total items, filtered to 1854 equipment items level 500+
2025-05-23 20:21:09,466 - ItemImporter - INFO - Found 2 required DPS tables from 1854 items
2025-05-23 20:21:09,827 - ItemImporter - INFO - Importing 2 required DPS tables...
2025-05-23 20:21:09,832 - root - INFO - Parsed 6 DPS tables
2025-05-23 20:21:09,832 - root - INFO - Starting DPS tables import...
2025-05-23 20:21:10,093 - root - INFO - Successfully imported 2 DPS tables
2025-05-23 20:21:10,093 - ItemImporter - INFO - Successfully imported 2 DPS tables
2025-05-23 20:21:10,093 - __main__ - INFO - Importing items...
2025-05-23 20:21:10,093 - ItemImporter - INFO - Starting import process...
2025-05-23 20:21:12,393 - ItemImporter - INFO - Parsed 143947 total items, filtered to 1854 equipment items level 500+
2025-05-23 20:21:12,538 - ItemImporter - INFO - Transforming data...
2025-05-23 20:21:13,049 - ItemImporter - INFO - Importing data...
2025-05-23 20:21:21,272 - ItemImporter - INFO - Successfully imported 1854 equipment items and 7592 stats
2025-05-23 20:21:21,272 - ItemImporter - INFO - Import completed successfully
2025-05-23 20:21:21,293 - __main__ - INFO - Copying required icons...
2025-05-23 20:21:23,778 - ItemImporter - INFO - Parsed 143947 total items, filtered to 1854 equipment items level 500+
2025-05-23 20:21:24,306 - __main__ - INFO - Icon copy complete: 0 new, 523 existing, 0 missing
2025-05-23 20:21:24,307 - __main__ - INFO - Items import completed successfully!
