2025-05-23 20:19:05,556 - __main__ - INFO - Logging to /home/marcb/workspace/lotro/lotro_forge/import_items_20250523_201905.log/import.log
2025-05-23 20:19:05,556 - __main__ - INFO - Starting items import...
2025-05-23 20:19:05,582 - __main__ - INFO - Dropping all tables...
2025-05-23 20:19:05,606 - __main__ - INFO - Recreating tables...
2025-05-23 20:19:05,665 - __main__ - INFO - Database wiped successfully
2025-05-23 20:19:05,665 - __main__ - INFO - Starting comprehensive items import with dependencies...
2025-05-23 20:19:05,665 - __main__ - INFO - Analyzing required progression tables...
2025-05-23 20:19:08,323 - ItemImporter - INFO - Parsed 143947 total items, filtered to 1854 equipment items level 500+
2025-05-23 20:19:08,858 - ItemImporter - INFO - Processed 1854 filtered items:
2025-05-23 20:19:08,858 - ItemImporter - INFO -   Items with scaling: 1575
2025-05-23 20:19:08,858 - ItemImporter - INFO -   Items with stats: 1854
2025-05-23 20:19:08,858 - ItemImporter - INFO - Found 291 required progression tables
2025-05-23 20:19:08,893 - ProgressionsImporter - INFO - Importing 291 specific progression tables...
2025-05-23 20:19:09,133 - ProgressionsImporter - INFO - Parsed 262 tables from progressions.xml
2025-05-23 20:19:09,516 - ProgressionsImporter - INFO - Successfully imported 262 tables and 4998 values
2025-05-23 20:19:09,516 - ProgressionsImporter - INFO - Successfully imported 262 specific progression tables
2025-05-23 20:19:09,517 - __main__ - INFO - Analyzing required DPS tables...
2025-05-23 20:19:11,886 - ItemImporter - INFO - Parsed 143947 total items, filtered to 1854 equipment items level 500+
2025-05-23 20:19:12,015 - ItemImporter - INFO - Found 2 required DPS tables from 1854 items
2025-05-23 20:19:12,384 - ItemImporter - INFO - Importing 2 required DPS tables...
2025-05-23 20:19:12,389 - root - INFO - Parsed 6 DPS tables
2025-05-23 20:19:12,389 - root - INFO - Starting DPS tables import...
2025-05-23 20:19:12,656 - root - INFO - Successfully imported 2 DPS tables
2025-05-23 20:19:12,656 - ItemImporter - INFO - Successfully imported 2 DPS tables
2025-05-23 20:19:12,656 - __main__ - INFO - Importing items...
2025-05-23 20:19:12,656 - ItemImporter - INFO - Starting import process...
2025-05-23 20:19:15,126 - ItemImporter - INFO - Parsed 143947 total items, filtered to 1854 equipment items level 500+
2025-05-23 20:19:15,273 - ItemImporter - INFO - Transforming data...
2025-05-23 20:19:15,788 - ItemImporter - INFO - Importing data...
2025-05-23 20:19:25,546 - ItemImporter - INFO - Successfully imported 1854 equipment items and 7592 stats
2025-05-23 20:19:25,547 - ItemImporter - INFO - Import completed successfully
2025-05-23 20:19:25,567 - __main__ - INFO - Copying required icons...
2025-05-23 20:19:28,060 - ItemImporter - INFO - Parsed 143947 total items, filtered to 1854 equipment items level 500+
2025-05-23 20:19:28,565 - __main__ - WARNING - Icon not found: /home/marcb/workspace/lotro/lotro_companion/lotro-items-db/icons/1091804511.png
2025-05-23 20:19:28,565 - __main__ - WARNING - Icon not found: /home/marcb/workspace/lotro/lotro_companion/lotro-items-db/icons/1092993554.png
2025-05-23 20:19:28,568 - __main__ - WARNING - Icon not found: /home/marcb/workspace/lotro/lotro_companion/lotro-items-db/icons/1092912034.png
2025-05-23 20:19:28,569 - __main__ - WARNING - Icon not found: /home/marcb/workspace/lotro/lotro_companion/lotro-items-db/icons/1092445234.png
2025-05-23 20:19:28,569 - __main__ - WARNING - Icon not found: /home/marcb/workspace/lotro/lotro_companion/lotro-items-db/icons/1090534227.png
2025-05-23 20:19:28,569 - __main__ - WARNING - Icon not found: /home/marcb/workspace/lotro/lotro_companion/lotro-items-db/icons/1093003771.png
2025-05-23 20:19:28,569 - __main__ - WARNING - Icon not found: /home/marcb/workspace/lotro/lotro_companion/lotro-items-db/icons/1092993551.png
2025-05-23 20:19:28,569 - __main__ - WARNING - Icon not found: /home/marcb/workspace/lotro/lotro_companion/lotro-items-db/icons/1092912012.png
2025-05-23 20:19:28,569 - __main__ - WARNING - Icon not found: /home/marcb/workspace/lotro/lotro_companion/lotro-items-db/icons/1092993580.png
2025-05-23 20:19:28,569 - __main__ - WARNING - Icon not found: /home/marcb/workspace/lotro/lotro_companion/lotro-items-db/icons/1092401449.png
2025-05-23 20:19:28,569 - __main__ - WARNING - Icon not found: /home/marcb/workspace/lotro/lotro_companion/lotro-items-db/icons/1091662204.png
2025-05-23 20:19:28,569 - __main__ - WARNING - Icon not found: /home/marcb/workspace/lotro/lotro_companion/lotro-items-db/icons/1093014952.png
2025-05-23 20:19:28,569 - __main__ - WARNING - Icon not found: /home/marcb/workspace/lotro/lotro_companion/lotro-items-db/icons/1090527516.png
2025-05-23 20:19:28,569 - __main__ - WARNING - Icon not found: /home/marcb/workspace/lotro/lotro_companion/lotro-items-db/icons/1092912040.png
2025-05-23 20:19:28,569 - __main__ - WARNING - Icon not found: /home/marcb/workspace/lotro/lotro_companion/lotro-items-db/icons/1092813711.png
2025-05-23 20:19:28,569 - __main__ - WARNING - Icon not found: /home/marcb/workspace/lotro/lotro_companion/lotro-items-db/icons/1092934357.png
2025-05-23 20:19:28,570 - __main__ - WARNING - Icon not found: /home/marcb/workspace/lotro/lotro_companion/lotro-items-db/icons/1092934355.png
2025-05-23 20:19:28,570 - __main__ - WARNING - Icon not found: /home/marcb/workspace/lotro/lotro_companion/lotro-items-db/icons/1092912019.png
2025-05-23 20:19:28,570 - __main__ - WARNING - Icon not found: /home/marcb/workspace/lotro/lotro_companion/lotro-items-db/icons/1090648174.png
2025-05-23 20:19:28,570 - __main__ - WARNING - Icon not found: /home/marcb/workspace/lotro/lotro_companion/lotro-items-db/icons/1091991255.png
2025-05-23 20:19:28,570 - __main__ - WARNING - Icon not found: /home/marcb/workspace/lotro/lotro_companion/lotro-items-db/icons/1092995903.png
2025-05-23 20:19:28,570 - __main__ - WARNING - Icon not found: /home/marcb/workspace/lotro/lotro_companion/lotro-items-db/icons/1092942398.png
2025-05-23 20:19:28,570 - __main__ - WARNING - Icon not found: /home/marcb/workspace/lotro/lotro_companion/lotro-items-db/icons/1091717951.png
2025-05-23 20:19:28,570 - __main__ - WARNING - Icon not found: /home/marcb/workspace/lotro/lotro_companion/lotro-items-db/icons/1091957983.png
2025-05-23 20:19:28,570 - __main__ - WARNING - Icon not found: /home/marcb/workspace/lotro/lotro_companion/lotro-items-db/icons/1091625562.png
2025-05-23 20:19:28,570 - __main__ - WARNING - Icon not found: /home/marcb/workspace/lotro/lotro_companion/lotro-items-db/icons/1092912020.png
2025-05-23 20:19:28,570 - __main__ - WARNING - Icon not found: /home/marcb/workspace/lotro/lotro_companion/lotro-items-db/icons/1091667833.png
2025-05-23 20:19:28,570 - __main__ - WARNING - Icon not found: /home/marcb/workspace/lotro/lotro_companion/lotro-items-db/icons/1090557147.png
2025-05-23 20:19:28,570 - __main__ - WARNING - Icon not found: /home/marcb/workspace/lotro/lotro_companion/lotro-items-db/icons/1092941672.png
2025-05-23 20:19:28,571 - __main__ - WARNING - Icon not found: /home/marcb/workspace/lotro/lotro_companion/lotro-items-db/icons/1092934349.png
2025-05-23 20:19:28,571 - __main__ - WARNING - Icon not found: /home/marcb/workspace/lotro/lotro_companion/lotro-items-db/icons/1092906866.png
2025-05-23 20:19:28,571 - __main__ - WARNING - Icon not found: /home/marcb/workspace/lotro/lotro_companion/lotro-items-db/icons/1091668256.png
2025-05-23 20:19:28,571 - __main__ - WARNING - Icon not found: /home/marcb/workspace/lotro/lotro_companion/lotro-items-db/icons/1092915087.png
2025-05-23 20:19:28,571 - __main__ - WARNING - Icon not found: /home/marcb/workspace/lotro/lotro_companion/lotro-items-db/icons/1091464601.png
2025-05-23 20:19:28,571 - __main__ - WARNING - Icon not found: /home/marcb/workspace/lotro/lotro_companion/lotro-items-db/icons/1092906890.png
2025-05-23 20:19:28,571 - __main__ - WARNING - Icon not found: /home/marcb/workspace/lotro/lotro_companion/lotro-items-db/icons/1092934372.png
2025-05-23 20:19:28,571 - __main__ - WARNING - Icon not found: /home/marcb/workspace/lotro/lotro_companion/lotro-items-db/icons/1091662208.png
2025-05-23 20:19:28,571 - __main__ - WARNING - Icon not found: /home/marcb/workspace/lotro/lotro_companion/lotro-items-db/icons/1091421721.png
2025-05-23 20:19:28,571 - __main__ - WARNING - Icon not found: /home/marcb/workspace/lotro/lotro_companion/lotro-items-db/icons/1091667612.png
2025-05-23 20:19:28,571 - __main__ - WARNING - Icon not found: /home/marcb/workspace/lotro/lotro_companion/lotro-items-db/icons/1092906888.png
2025-05-23 20:19:28,571 - __main__ - WARNING - Icon not found: /home/marcb/workspace/lotro/lotro_companion/lotro-items-db/icons/1090520091.png
2025-05-23 20:19:28,571 - __main__ - WARNING - Icon not found: /home/marcb/workspace/lotro/lotro_companion/lotro-items-db/icons/1092912039.png
2025-05-23 20:19:28,572 - __main__ - WARNING - Icon not found: /home/marcb/workspace/lotro/lotro_companion/lotro-items-db/icons/1092941677.png
2025-05-23 20:19:28,572 - __main__ - WARNING - Icon not found: /home/marcb/workspace/lotro/lotro_companion/lotro-items-db/icons/1090531554.png
2025-05-23 20:19:28,572 - __main__ - WARNING - Icon not found: /home/marcb/workspace/lotro/lotro_companion/lotro-items-db/icons/1092906882.png
2025-05-23 20:19:28,572 - __main__ - WARNING - Icon not found: /home/marcb/workspace/lotro/lotro_companion/lotro-items-db/icons/1092993563.png
2025-05-23 20:19:28,572 - __main__ - WARNING - Icon not found: /home/marcb/workspace/lotro/lotro_companion/lotro-items-db/icons/1092906902.png
2025-05-23 20:19:28,572 - __main__ - WARNING - Icon not found: /home/marcb/workspace/lotro/lotro_companion/lotro-items-db/icons/1091692572.png
2025-05-23 20:19:28,572 - __main__ - WARNING - Icon not found: /home/marcb/workspace/lotro/lotro_companion/lotro-items-db/icons/1090528483.png
2025-05-23 20:19:28,572 - __main__ - WARNING - Icon not found: /home/marcb/workspace/lotro/lotro_companion/lotro-items-db/icons/1092915095.png
2025-05-23 20:19:28,572 - __main__ - WARNING - Icon not found: /home/marcb/workspace/lotro/lotro_companion/lotro-items-db/icons/1092912003.png
2025-05-23 20:19:28,572 - __main__ - WARNING - Icon not found: /home/marcb/workspace/lotro/lotro_companion/lotro-items-db/icons/1092593980.png
2025-05-23 20:19:28,572 - __main__ - WARNING - Icon not found: /home/marcb/workspace/lotro/lotro_companion/lotro-items-db/icons/1092906901.png
2025-05-23 20:19:28,572 - __main__ - WARNING - Icon not found: /home/marcb/workspace/lotro/lotro_companion/lotro-items-db/icons/1090532811.png
2025-05-23 20:19:28,573 - __main__ - WARNING - Icon not found: /home/marcb/workspace/lotro/lotro_companion/lotro-items-db/icons/1092941667.png
2025-05-23 20:19:28,573 - __main__ - WARNING - Icon not found: /home/marcb/workspace/lotro/lotro_companion/lotro-items-db/icons/1091567253.png
2025-05-23 20:19:28,573 - __main__ - WARNING - Icon not found: /home/marcb/workspace/lotro/lotro_companion/lotro-items-db/icons/1090524945.png
2025-05-23 20:19:28,573 - __main__ - WARNING - Icon not found: /home/marcb/workspace/lotro/lotro_companion/lotro-items-db/icons/1092915091.png
2025-05-23 20:19:28,573 - __main__ - WARNING - Icon not found: /home/marcb/workspace/lotro/lotro_companion/lotro-items-db/icons/1092912009.png
2025-05-23 20:19:28,573 - __main__ - WARNING - Icon not found: /home/marcb/workspace/lotro/lotro_companion/lotro-items-db/icons/1092912038.png
2025-05-23 20:19:28,573 - __main__ - WARNING - Icon not found: /home/marcb/workspace/lotro/lotro_companion/lotro-items-db/icons/1091718021.png
2025-05-23 20:19:28,573 - __main__ - WARNING - Icon not found: /home/marcb/workspace/lotro/lotro_companion/lotro-items-db/icons/1092401513.png
2025-05-23 20:19:28,573 - __main__ - WARNING - Icon not found: /home/marcb/workspace/lotro/lotro_companion/lotro-items-db/icons/1092993556.png
2025-05-23 20:19:28,573 - __main__ - WARNING - Icon not found: /home/marcb/workspace/lotro/lotro_companion/lotro-items-db/icons/1092941681.png
2025-05-23 20:19:28,573 - __main__ - WARNING - Icon not found: /home/marcb/workspace/lotro/lotro_companion/lotro-items-db/icons/1092941663.png
2025-05-23 20:19:28,573 - __main__ - WARNING - Icon not found: /home/marcb/workspace/lotro/lotro_companion/lotro-items-db/icons/1092995869.png
2025-05-23 20:19:28,573 - __main__ - WARNING - Icon not found: /home/marcb/workspace/lotro/lotro_companion/lotro-items-db/icons/1092942413.png
2025-05-23 20:19:28,573 - __main__ - WARNING - Icon not found: /home/marcb/workspace/lotro/lotro_companion/lotro-items-db/icons/1092906904.png
2025-05-23 20:19:28,574 - __main__ - WARNING - Icon not found: /home/marcb/workspace/lotro/lotro_companion/lotro-items-db/icons/1091958010.png
2025-05-23 20:19:28,574 - __main__ - WARNING - Icon not found: /home/marcb/workspace/lotro/lotro_companion/lotro-items-db/icons/1090623543.png
2025-05-23 20:19:28,574 - __main__ - WARNING - Icon not found: /home/marcb/workspace/lotro/lotro_companion/lotro-items-db/icons/1092906863.png
2025-05-23 20:19:28,574 - __main__ - WARNING - Icon not found: /home/marcb/workspace/lotro/lotro_companion/lotro-items-db/icons/1091581799.png
2025-05-23 20:19:28,574 - __main__ - WARNING - Icon not found: /home/marcb/workspace/lotro/lotro_companion/lotro-items-db/icons/1092997349.png
2025-05-23 20:19:28,574 - __main__ - WARNING - Icon not found: /home/marcb/workspace/lotro/lotro_companion/lotro-items-db/icons/1092906900.png
2025-05-23 20:19:28,574 - __main__ - WARNING - Icon not found: /home/marcb/workspace/lotro/lotro_companion/lotro-items-db/icons/1092993564.png
2025-05-23 20:19:28,574 - __main__ - WARNING - Icon not found: /home/marcb/workspace/lotro/lotro_companion/lotro-items-db/icons/1091624685.png
2025-05-23 20:19:28,574 - __main__ - WARNING - Icon not found: /home/marcb/workspace/lotro/lotro_companion/lotro-items-db/icons/1091692865.png
2025-05-23 20:19:28,574 - __main__ - WARNING - Icon not found: /home/marcb/workspace/lotro/lotro_companion/lotro-items-db/icons/1092915097.png
2025-05-23 20:19:28,574 - __main__ - WARNING - Icon not found: /home/marcb/workspace/lotro/lotro_companion/lotro-items-db/icons/1092934354.png
2025-05-23 20:19:28,574 - __main__ - WARNING - Icon not found: /home/marcb/workspace/lotro/lotro_companion/lotro-items-db/icons/1091686416.png
2025-05-23 20:19:28,574 - __main__ - WARNING - Icon not found: /home/marcb/workspace/lotro/lotro_companion/lotro-items-db/icons/1091718030.png
2025-05-23 20:19:28,575 - __main__ - WARNING - Icon not found: /home/marcb/workspace/lotro/lotro_companion/lotro-items-db/icons/1091509870.png
2025-05-23 20:19:28,575 - __main__ - WARNING - Icon not found: /home/marcb/workspace/lotro/lotro_companion/lotro-items-db/icons/1092912002.png
2025-05-23 20:19:28,575 - __main__ - WARNING - Icon not found: /home/marcb/workspace/lotro/lotro_companion/lotro-items-db/icons/1092941661.png
2025-05-23 20:19:28,575 - __main__ - WARNING - Icon not found: /home/marcb/workspace/lotro/lotro_companion/lotro-items-db/icons/1091633578.png
2025-05-23 20:19:28,575 - __main__ - WARNING - Icon not found: /home/marcb/workspace/lotro/lotro_companion/lotro-items-db/icons/1091692871.png
2025-05-23 20:19:28,575 - __main__ - WARNING - Icon not found: /home/marcb/workspace/lotro/lotro_companion/lotro-items-db/icons/1091575515.png
2025-05-23 20:19:28,575 - __main__ - WARNING - Icon not found: /home/marcb/workspace/lotro/lotro_companion/lotro-items-db/icons/1091958005.png
2025-05-23 20:19:28,575 - __main__ - WARNING - Icon not found: /home/marcb/workspace/lotro/lotro_companion/lotro-items-db/icons/1091388818.png
2025-05-23 20:19:28,575 - __main__ - WARNING - Icon not found: /home/marcb/workspace/lotro/lotro_companion/lotro-items-db/icons/1091969914.png
2025-05-23 20:19:28,575 - __main__ - WARNING - Icon not found: /home/marcb/workspace/lotro/lotro_companion/lotro-items-db/icons/1092993550.png
2025-05-23 20:19:28,575 - __main__ - WARNING - Icon not found: /home/marcb/workspace/lotro/lotro_companion/lotro-items-db/icons/1092941668.png
2025-05-23 20:19:28,575 - __main__ - WARNING - Icon not found: /home/marcb/workspace/lotro/lotro_companion/lotro-items-db/icons/1092906887.png
2025-05-23 20:19:28,575 - __main__ - WARNING - Icon not found: /home/marcb/workspace/lotro/lotro_companion/lotro-items-db/icons/1091991249.png
2025-05-23 20:19:28,576 - __main__ - WARNING - Icon not found: /home/marcb/workspace/lotro/lotro_companion/lotro-items-db/icons/1092912010.png
2025-05-23 20:19:28,576 - __main__ - WARNING - Icon not found: /home/marcb/workspace/lotro/lotro_companion/lotro-items-db/icons/1092997344.png
2025-05-23 20:19:28,576 - __main__ - WARNING - Icon not found: /home/marcb/workspace/lotro/lotro_companion/lotro-items-db/icons/1090519043.png
2025-05-23 20:19:28,576 - __main__ - WARNING - Icon not found: /home/marcb/workspace/lotro/lotro_companion/lotro-items-db/icons/1092934358.png
2025-05-23 20:19:28,576 - __main__ - WARNING - Icon not found: /home/marcb/workspace/lotro/lotro_companion/lotro-items-db/icons/1092906877.png
2025-05-23 20:19:28,576 - __main__ - WARNING - Icon not found: /home/marcb/workspace/lotro/lotro_companion/lotro-items-db/icons/1090520092.png
2025-05-23 20:19:28,576 - __main__ - WARNING - Icon not found: /home/marcb/workspace/lotro/lotro_companion/lotro-items-db/icons/1091804529.png
2025-05-23 20:19:28,576 - __main__ - WARNING - Icon not found: /home/marcb/workspace/lotro/lotro_companion/lotro-items-db/icons/1091581800.png
2025-05-23 20:19:28,576 - __main__ - WARNING - Icon not found: /home/marcb/workspace/lotro/lotro_companion/lotro-items-db/icons/1091581743.png
2025-05-23 20:19:28,576 - __main__ - WARNING - Icon not found: /home/marcb/workspace/lotro/lotro_companion/lotro-items-db/icons/1091624682.png
2025-05-23 20:19:28,576 - __main__ - WARNING - Icon not found: /home/marcb/workspace/lotro/lotro_companion/lotro-items-db/icons/1092906898.png
2025-05-23 20:19:28,576 - __main__ - WARNING - Icon not found: /home/marcb/workspace/lotro/lotro_companion/lotro-items-db/icons/1091400958.png
2025-05-23 20:19:28,576 - __main__ - WARNING - Icon not found: /home/marcb/workspace/lotro/lotro_companion/lotro-items-db/icons/1091564999.png
2025-05-23 20:19:28,577 - __main__ - WARNING - Icon not found: /home/marcb/workspace/lotro/lotro_companion/lotro-items-db/icons/1092912004.png
2025-05-23 20:19:28,577 - __main__ - WARNING - Icon not found: /home/marcb/workspace/lotro/lotro_companion/lotro-items-db/icons/1092756026.png
2025-05-23 20:19:28,577 - __main__ - WARNING - Icon not found: /home/marcb/workspace/lotro/lotro_companion/lotro-items-db/icons/1092906914.png
2025-05-23 20:19:28,577 - __main__ - WARNING - Icon not found: /home/marcb/workspace/lotro/lotro_companion/lotro-items-db/icons/1091717905.png
2025-05-23 20:19:28,577 - __main__ - WARNING - Icon not found: /home/marcb/workspace/lotro/lotro_companion/lotro-items-db/icons/1093003772.png
2025-05-23 20:19:28,577 - __main__ - WARNING - Icon not found: /home/marcb/workspace/lotro/lotro_companion/lotro-items-db/icons/1092983360.png
2025-05-23 20:19:28,577 - __main__ - WARNING - Icon not found: /home/marcb/workspace/lotro/lotro_companion/lotro-items-db/icons/1092912023.png
2025-05-23 20:19:28,577 - __main__ - WARNING - Icon not found: /home/marcb/workspace/lotro/lotro_companion/lotro-items-db/icons/1091401591.png
2025-05-23 20:19:28,577 - __main__ - WARNING - Icon not found: /home/marcb/workspace/lotro/lotro_companion/lotro-items-db/icons/1092906860.png
2025-05-23 20:19:28,577 - __main__ - WARNING - Icon not found: /home/marcb/workspace/lotro/lotro_companion/lotro-items-db/icons/1091958018.png
2025-05-23 20:19:28,577 - __main__ - WARNING - Icon not found: /home/marcb/workspace/lotro/lotro_companion/lotro-items-db/icons/1092993562.png
2025-05-23 20:19:28,577 - __main__ - WARNING - Icon not found: /home/marcb/workspace/lotro/lotro_companion/lotro-items-db/icons/1092997354.png
2025-05-23 20:19:28,577 - __main__ - WARNING - Icon not found: /home/marcb/workspace/lotro/lotro_companion/lotro-items-db/icons/1090524670.png
2025-05-23 20:19:28,577 - __main__ - WARNING - Icon not found: /home/marcb/workspace/lotro/lotro_companion/lotro-items-db/icons/1092522847.png
2025-05-23 20:19:28,578 - __main__ - WARNING - Icon not found: /home/marcb/workspace/lotro/lotro_companion/lotro-items-db/icons/1092906892.png
2025-05-23 20:19:28,578 - __main__ - WARNING - Icon not found: /home/marcb/workspace/lotro/lotro_companion/lotro-items-db/icons/1092401499.png
2025-05-23 20:19:28,578 - __main__ - WARNING - Icon not found: /home/marcb/workspace/lotro/lotro_companion/lotro-items-db/icons/1091718033.png
2025-05-23 20:19:28,578 - __main__ - WARNING - Icon not found: /home/marcb/workspace/lotro/lotro_companion/lotro-items-db/icons/1091968609.png
2025-05-23 20:19:28,578 - __main__ - WARNING - Icon not found: /home/marcb/workspace/lotro/lotro_companion/lotro-items-db/icons/1092912017.png
2025-05-23 20:19:28,578 - __main__ - WARNING - Icon not found: /home/marcb/workspace/lotro/lotro_companion/lotro-items-db/icons/1092401448.png
2025-05-23 20:19:28,578 - __main__ - WARNING - Icon not found: /home/marcb/workspace/lotro/lotro_companion/lotro-items-db/icons/1092915088.png
2025-05-23 20:19:28,578 - __main__ - WARNING - Icon not found: /home/marcb/workspace/lotro/lotro_companion/lotro-items-db/icons/1092755996.png
2025-05-23 20:19:28,578 - __main__ - WARNING - Icon not found: /home/marcb/workspace/lotro/lotro_companion/lotro-items-db/icons/1092748501.png
2025-05-23 20:19:28,578 - __main__ - WARNING - Icon not found: /home/marcb/workspace/lotro/lotro_companion/lotro-items-db/icons/1091751168.png
2025-05-23 20:19:28,578 - __main__ - WARNING - Icon not found: /home/marcb/workspace/lotro/lotro_companion/lotro-items-db/icons/1092522843.png
2025-05-23 20:19:28,578 - __main__ - WARNING - Icon not found: /home/marcb/workspace/lotro/lotro_companion/lotro-items-db/icons/1092906875.png
2025-05-23 20:19:28,578 - __main__ - WARNING - Icon not found: /home/marcb/workspace/lotro/lotro_companion/lotro-items-db/icons/1091994128.png
2025-05-23 20:19:28,579 - __main__ - WARNING - Icon not found: /home/marcb/workspace/lotro/lotro_companion/lotro-items-db/icons/1092912022.png
2025-05-23 20:19:28,579 - __main__ - WARNING - Icon not found: /home/marcb/workspace/lotro/lotro_companion/lotro-items-db/icons/1092993579.png
2025-05-23 20:19:28,579 - __main__ - WARNING - Icon not found: /home/marcb/workspace/lotro/lotro_companion/lotro-items-db/icons/1092906861.png
2025-05-23 20:19:28,579 - __main__ - WARNING - Icon not found: /home/marcb/workspace/lotro/lotro_companion/lotro-items-db/icons/1091668257.png
2025-05-23 20:19:28,579 - __main__ - WARNING - Icon not found: /home/marcb/workspace/lotro/lotro_companion/lotro-items-db/icons/1092941678.png
2025-05-23 20:19:28,579 - __main__ - WARNING - Icon not found: /home/marcb/workspace/lotro/lotro_companion/lotro-items-db/icons/1092915100.png
2025-05-23 20:19:28,579 - __main__ - WARNING - Icon not found: /home/marcb/workspace/lotro/lotro_companion/lotro-items-db/icons/1092906857.png
2025-05-23 20:19:28,579 - __main__ - WARNING - Icon not found: /home/marcb/workspace/lotro/lotro_companion/lotro-items-db/icons/1091718009.png
2025-05-23 20:19:28,579 - __main__ - WARNING - Icon not found: /home/marcb/workspace/lotro/lotro_companion/lotro-items-db/icons/1092942402.png
2025-05-23 20:19:28,579 - __main__ - WARNING - Icon not found: /home/marcb/workspace/lotro/lotro_companion/lotro-items-db/icons/1091474804.png
2025-05-23 20:19:28,579 - __main__ - WARNING - Icon not found: /home/marcb/workspace/lotro/lotro_companion/lotro-items-db/icons/1091415819.png
2025-05-23 20:19:28,579 - __main__ - WARNING - Icon not found: /home/marcb/workspace/lotro/lotro_companion/lotro-items-db/icons/1093003767.png
2025-05-23 20:19:28,579 - __main__ - WARNING - Icon not found: /home/marcb/workspace/lotro/lotro_companion/lotro-items-db/icons/1092912001.png
2025-05-23 20:19:28,580 - __main__ - WARNING - Icon not found: /home/marcb/workspace/lotro/lotro_companion/lotro-items-db/icons/1092906872.png
2025-05-23 20:19:28,580 - __main__ - WARNING - Icon not found: /home/marcb/workspace/lotro/lotro_companion/lotro-items-db/icons/1092364825.png
2025-05-23 20:19:28,580 - __main__ - WARNING - Icon not found: /home/marcb/workspace/lotro/lotro_companion/lotro-items-db/icons/1091701903.png
2025-05-23 20:19:28,580 - __main__ - WARNING - Icon not found: /home/marcb/workspace/lotro/lotro_companion/lotro-items-db/icons/1091625559.png
2025-05-23 20:19:28,580 - __main__ - WARNING - Icon not found: /home/marcb/workspace/lotro/lotro_companion/lotro-items-db/icons/1091621074.png
2025-05-23 20:19:28,580 - __main__ - WARNING - Icon not found: /home/marcb/workspace/lotro/lotro_companion/lotro-items-db/icons/1092906871.png
2025-05-23 20:19:28,580 - __main__ - WARNING - Icon not found: /home/marcb/workspace/lotro/lotro_companion/lotro-items-db/icons/1092445232.png
2025-05-23 20:19:28,580 - __main__ - WARNING - Icon not found: /home/marcb/workspace/lotro/lotro_companion/lotro-items-db/icons/1092445236.png
2025-05-23 20:19:28,580 - __main__ - WARNING - Icon not found: /home/marcb/workspace/lotro/lotro_companion/lotro-items-db/icons/1090524706.png
2025-05-23 20:19:28,580 - __main__ - WARNING - Icon not found: /home/marcb/workspace/lotro/lotro_companion/lotro-items-db/icons/1092906868.png
2025-05-23 20:19:28,580 - __main__ - WARNING - Icon not found: /home/marcb/workspace/lotro/lotro_companion/lotro-items-db/icons/1092993552.png
2025-05-23 20:19:28,580 - __main__ - WARNING - Icon not found: /home/marcb/workspace/lotro/lotro_companion/lotro-items-db/icons/1092445235.png
2025-05-23 20:19:28,580 - __main__ - WARNING - Icon not found: /home/marcb/workspace/lotro/lotro_companion/lotro-items-db/icons/1092912005.png
2025-05-23 20:19:28,581 - __main__ - WARNING - Icon not found: /home/marcb/workspace/lotro/lotro_companion/lotro-items-db/icons/1092941679.png
2025-05-23 20:19:28,581 - __main__ - WARNING - Icon not found: /home/marcb/workspace/lotro/lotro_companion/lotro-items-db/icons/1092906865.png
2025-05-23 20:19:28,581 - __main__ - WARNING - Icon not found: /home/marcb/workspace/lotro/lotro_companion/lotro-items-db/icons/1090523750.png
2025-05-23 20:19:28,581 - __main__ - WARNING - Icon not found: /home/marcb/workspace/lotro/lotro_companion/lotro-items-db/icons/1090524669.png
2025-05-23 20:19:28,581 - __main__ - WARNING - Icon not found: /home/marcb/workspace/lotro/lotro_companion/lotro-items-db/icons/1092906891.png
2025-05-23 20:19:28,581 - __main__ - WARNING - Icon not found: /home/marcb/workspace/lotro/lotro_companion/lotro-items-db/icons/1090524708.png
2025-05-23 20:19:28,581 - __main__ - WARNING - Icon not found: /home/marcb/workspace/lotro/lotro_companion/lotro-items-db/icons/1092906879.png
2025-05-23 20:19:28,581 - __main__ - WARNING - Icon not found: /home/marcb/workspace/lotro/lotro_companion/lotro-items-db/icons/1091687294.png
2025-05-23 20:19:28,581 - __main__ - WARNING - Icon not found: /home/marcb/workspace/lotro/lotro_companion/lotro-items-db/icons/1092934361.png
2025-05-23 20:19:28,581 - __main__ - WARNING - Icon not found: /home/marcb/workspace/lotro/lotro_companion/lotro-items-db/icons/1092993573.png
2025-05-23 20:19:28,581 - __main__ - WARNING - Icon not found: /home/marcb/workspace/lotro/lotro_companion/lotro-items-db/icons/1092906855.png
2025-05-23 20:19:28,581 - __main__ - WARNING - Icon not found: /home/marcb/workspace/lotro/lotro_companion/lotro-items-db/icons/1091913166.png
2025-05-23 20:19:28,581 - __main__ - WARNING - Icon not found: /home/marcb/workspace/lotro/lotro_companion/lotro-items-db/icons/1091415815.png
2025-05-23 20:19:28,581 - __main__ - WARNING - Icon not found: /home/marcb/workspace/lotro/lotro_companion/lotro-items-db/icons/1091401402.png
2025-05-23 20:19:28,582 - __main__ - WARNING - Icon not found: /home/marcb/workspace/lotro/lotro_companion/lotro-items-db/icons/1092906870.png
2025-05-23 20:19:28,582 - __main__ - WARNING - Icon not found: /home/marcb/workspace/lotro/lotro_companion/lotro-items-db/icons/1090520093.png
2025-05-23 20:19:28,582 - __main__ - WARNING - Icon not found: /home/marcb/workspace/lotro/lotro_companion/lotro-items-db/icons/1090557146.png
2025-05-23 20:19:28,582 - __main__ - WARNING - Icon not found: /home/marcb/workspace/lotro/lotro_companion/lotro-items-db/icons/1092906908.png
2025-05-23 20:19:28,582 - __main__ - WARNING - Icon not found: /home/marcb/workspace/lotro/lotro_companion/lotro-items-db/icons/1091388815.png
2025-05-23 20:19:28,582 - __main__ - WARNING - Icon not found: /home/marcb/workspace/lotro/lotro_companion/lotro-items-db/icons/1092401463.png
2025-05-23 20:19:28,582 - __main__ - WARNING - Icon not found: /home/marcb/workspace/lotro/lotro_companion/lotro-items-db/icons/1092941664.png
2025-05-23 20:19:28,582 - __main__ - WARNING - Icon not found: /home/marcb/workspace/lotro/lotro_companion/lotro-items-db/icons/1092997361.png
2025-05-23 20:19:28,582 - __main__ - WARNING - Icon not found: /home/marcb/workspace/lotro/lotro_companion/lotro-items-db/icons/1091581755.png
2025-05-23 20:19:28,582 - __main__ - WARNING - Icon not found: /home/marcb/workspace/lotro/lotro_companion/lotro-items-db/icons/1091667761.png
2025-05-23 20:19:28,582 - __main__ - WARNING - Icon not found: /home/marcb/workspace/lotro/lotro_companion/lotro-items-db/icons/1092934364.png
2025-05-23 20:19:28,582 - __main__ - WARNING - Icon not found: /home/marcb/workspace/lotro/lotro_companion/lotro-items-db/icons/1091662214.png
2025-05-23 20:19:28,583 - __main__ - WARNING - Icon not found: /home/marcb/workspace/lotro/lotro_companion/lotro-items-db/icons/1090526278.png
2025-05-23 20:19:28,583 - __main__ - WARNING - Icon not found: /home/marcb/workspace/lotro/lotro_companion/lotro-items-db/icons/1092997343.png
2025-05-23 20:19:28,583 - __main__ - WARNING - Icon not found: /home/marcb/workspace/lotro/lotro_companion/lotro-items-db/icons/1091621098.png
2025-05-23 20:19:28,583 - __main__ - WARNING - Icon not found: /home/marcb/workspace/lotro/lotro_companion/lotro-items-db/icons/1092995905.png
2025-05-23 20:19:28,583 - __main__ - WARNING - Icon not found: /home/marcb/workspace/lotro/lotro_companion/lotro-items-db/icons/1092401498.png
2025-05-23 20:19:28,583 - __main__ - WARNING - Icon not found: /home/marcb/workspace/lotro/lotro_companion/lotro-items-db/icons/1091667832.png
2025-05-23 20:19:28,583 - __main__ - WARNING - Icon not found: /home/marcb/workspace/lotro/lotro_companion/lotro-items-db/icons/1092912021.png
2025-05-23 20:19:28,583 - __main__ - WARNING - Icon not found: /home/marcb/workspace/lotro/lotro_companion/lotro-items-db/icons/1092906862.png
2025-05-23 20:19:28,583 - __main__ - WARNING - Icon not found: /home/marcb/workspace/lotro/lotro_companion/lotro-items-db/icons/1092942400.png
2025-05-23 20:19:28,583 - __main__ - WARNING - Icon not found: /home/marcb/workspace/lotro/lotro_companion/lotro-items-db/icons/1092993578.png
2025-05-23 20:19:28,583 - __main__ - WARNING - Icon not found: /home/marcb/workspace/lotro/lotro_companion/lotro-items-db/icons/1092993532.png
2025-05-23 20:19:28,583 - __main__ - WARNING - Icon not found: /home/marcb/workspace/lotro/lotro_companion/lotro-items-db/icons/1091509868.png
2025-05-23 20:19:28,583 - __main__ - WARNING - Icon not found: /home/marcb/workspace/lotro/lotro_companion/lotro-items-db/icons/1092906909.png
2025-05-23 20:19:28,583 - __main__ - WARNING - Icon not found: /home/marcb/workspace/lotro/lotro_companion/lotro-items-db/icons/1092445233.png
2025-05-23 20:19:28,584 - __main__ - WARNING - Icon not found: /home/marcb/workspace/lotro/lotro_companion/lotro-items-db/icons/1092997345.png
2025-05-23 20:19:28,584 - __main__ - WARNING - Icon not found: /home/marcb/workspace/lotro/lotro_companion/lotro-items-db/icons/1091718015.png
2025-05-23 20:19:28,584 - __main__ - WARNING - Icon not found: /home/marcb/workspace/lotro/lotro_companion/lotro-items-db/icons/1090522482.png
2025-05-23 20:19:28,584 - __main__ - WARNING - Icon not found: /home/marcb/workspace/lotro/lotro_companion/lotro-items-db/icons/1092941670.png
2025-05-23 20:19:28,584 - __main__ - WARNING - Icon not found: /home/marcb/workspace/lotro/lotro_companion/lotro-items-db/icons/1092995889.png
2025-05-23 20:19:28,584 - __main__ - WARNING - Icon not found: /home/marcb/workspace/lotro/lotro_companion/lotro-items-db/icons/1092934371.png
2025-05-23 20:19:28,584 - __main__ - WARNING - Icon not found: /home/marcb/workspace/lotro/lotro_companion/lotro-items-db/icons/1093003760.png
2025-05-23 20:19:28,584 - __main__ - WARNING - Icon not found: /home/marcb/workspace/lotro/lotro_companion/lotro-items-db/icons/1092997359.png
2025-05-23 20:19:28,584 - __main__ - WARNING - Icon not found: /home/marcb/workspace/lotro/lotro_companion/lotro-items-db/icons/1092979834.png
2025-05-23 20:19:28,584 - __main__ - WARNING - Icon not found: /home/marcb/workspace/lotro/lotro_companion/lotro-items-db/icons/1092995853.png
2025-05-23 20:19:28,584 - __main__ - WARNING - Icon not found: /home/marcb/workspace/lotro/lotro_companion/lotro-items-db/icons/1091668253.png
2025-05-23 20:19:28,584 - __main__ - WARNING - Icon not found: /home/marcb/workspace/lotro/lotro_companion/lotro-items-db/icons/1092906895.png
2025-05-23 20:19:28,584 - __main__ - WARNING - Icon not found: /home/marcb/workspace/lotro/lotro_companion/lotro-items-db/icons/1091519499.png
2025-05-23 20:19:28,585 - __main__ - WARNING - Icon not found: /home/marcb/workspace/lotro/lotro_companion/lotro-items-db/icons/1092445239.png
2025-05-23 20:19:28,585 - __main__ - WARNING - Icon not found: /home/marcb/workspace/lotro/lotro_companion/lotro-items-db/icons/1091991214.png
2025-05-23 20:19:28,585 - __main__ - WARNING - Icon not found: /home/marcb/workspace/lotro/lotro_companion/lotro-items-db/icons/1091421729.png
2025-05-23 20:19:28,585 - __main__ - WARNING - Icon not found: /home/marcb/workspace/lotro/lotro_companion/lotro-items-db/icons/1092906874.png
2025-05-23 20:19:28,585 - __main__ - WARNING - Icon not found: /home/marcb/workspace/lotro/lotro_companion/lotro-items-db/icons/1091947416.png
2025-05-23 20:19:28,585 - __main__ - WARNING - Icon not found: /home/marcb/workspace/lotro/lotro_companion/lotro-items-db/icons/1091717930.png
2025-05-23 20:19:28,585 - __main__ - WARNING - Icon not found: /home/marcb/workspace/lotro/lotro_companion/lotro-items-db/icons/1092934359.png
2025-05-23 20:19:28,585 - __main__ - WARNING - Icon not found: /home/marcb/workspace/lotro/lotro_companion/lotro-items-db/icons/1092942405.png
2025-05-23 20:19:28,585 - __main__ - WARNING - Icon not found: /home/marcb/workspace/lotro/lotro_companion/lotro-items-db/icons/1092942419.png
2025-05-23 20:19:28,585 - __main__ - WARNING - Icon not found: /home/marcb/workspace/lotro/lotro_companion/lotro-items-db/icons/1090519044.png
2025-05-23 20:19:28,585 - __main__ - WARNING - Icon not found: /home/marcb/workspace/lotro/lotro_companion/lotro-items-db/icons/1091718024.png
2025-05-23 20:19:28,585 - __main__ - WARNING - Icon not found: /home/marcb/workspace/lotro/lotro_companion/lotro-items-db/icons/1092934351.png
2025-05-23 20:19:28,585 - __main__ - WARNING - Icon not found: /home/marcb/workspace/lotro/lotro_companion/lotro-items-db/icons/1092993538.png
2025-05-23 20:19:28,586 - __main__ - WARNING - Icon not found: /home/marcb/workspace/lotro/lotro_companion/lotro-items-db/icons/1093003768.png
2025-05-23 20:19:28,586 - __main__ - WARNING - Icon not found: /home/marcb/workspace/lotro/lotro_companion/lotro-items-db/icons/1092906859.png
2025-05-23 20:19:28,586 - __main__ - WARNING - Icon not found: /home/marcb/workspace/lotro/lotro_companion/lotro-items-db/icons/1092906858.png
2025-05-23 20:19:28,586 - __main__ - WARNING - Icon not found: /home/marcb/workspace/lotro/lotro_companion/lotro-items-db/icons/1092912008.png
2025-05-23 20:19:28,586 - __main__ - WARNING - Icon not found: /home/marcb/workspace/lotro/lotro_companion/lotro-items-db/icons/1092915093.png
2025-05-23 20:19:28,586 - __main__ - WARNING - Icon not found: /home/marcb/workspace/lotro/lotro_companion/lotro-items-db/icons/1092445245.png
2025-05-23 20:19:28,586 - __main__ - WARNING - Icon not found: /home/marcb/workspace/lotro/lotro_companion/lotro-items-db/icons/1092906869.png
2025-05-23 20:19:28,586 - __main__ - WARNING - Icon not found: /home/marcb/workspace/lotro/lotro_companion/lotro-items-db/icons/1092915090.png
2025-05-23 20:19:28,586 - __main__ - WARNING - Icon not found: /home/marcb/workspace/lotro/lotro_companion/lotro-items-db/icons/1092915096.png
2025-05-23 20:19:28,586 - __main__ - WARNING - Icon not found: /home/marcb/workspace/lotro/lotro_companion/lotro-items-db/icons/1092995878.png
2025-05-23 20:19:28,586 - __main__ - WARNING - Icon not found: /home/marcb/workspace/lotro/lotro_companion/lotro-items-db/icons/1091723017.png
2025-05-23 20:19:28,586 - __main__ - WARNING - Icon not found: /home/marcb/workspace/lotro/lotro_companion/lotro-items-db/icons/1090623542.png
2025-05-23 20:19:28,587 - __main__ - WARNING - Icon not found: /home/marcb/workspace/lotro/lotro_companion/lotro-items-db/icons/1091785021.png
2025-05-23 20:19:28,587 - __main__ - WARNING - Icon not found: /home/marcb/workspace/lotro/lotro_companion/lotro-items-db/icons/1092995859.png
2025-05-23 20:19:28,587 - __main__ - WARNING - Icon not found: /home/marcb/workspace/lotro/lotro_companion/lotro-items-db/icons/1093003770.png
2025-05-23 20:19:28,587 - __main__ - WARNING - Icon not found: /home/marcb/workspace/lotro/lotro_companion/lotro-items-db/icons/1092912024.png
2025-05-23 20:19:28,587 - __main__ - WARNING - Icon not found: /home/marcb/workspace/lotro/lotro_companion/lotro-items-db/icons/1091515701.png
2025-05-23 20:19:28,587 - __main__ - WARNING - Icon not found: /home/marcb/workspace/lotro/lotro_companion/lotro-items-db/icons/1092906873.png
2025-05-23 20:19:28,587 - __main__ - WARNING - Icon not found: /home/marcb/workspace/lotro/lotro_companion/lotro-items-db/icons/1092979896.png
2025-05-23 20:19:28,587 - __main__ - WARNING - Icon not found: /home/marcb/workspace/lotro/lotro_companion/lotro-items-db/icons/1092912011.png
2025-05-23 20:19:28,587 - __main__ - WARNING - Icon not found: /home/marcb/workspace/lotro/lotro_companion/lotro-items-db/icons/1092401521.png
2025-05-23 20:19:28,587 - __main__ - WARNING - Icon not found: /home/marcb/workspace/lotro/lotro_companion/lotro-items-db/icons/1092445238.png
2025-05-23 20:19:28,587 - __main__ - WARNING - Icon not found: /home/marcb/workspace/lotro/lotro_companion/lotro-items-db/icons/1091979339.png
2025-05-23 20:19:28,587 - __main__ - WARNING - Icon not found: /home/marcb/workspace/lotro/lotro_companion/lotro-items-db/icons/1091804509.png
2025-05-23 20:19:28,587 - __main__ - WARNING - Icon not found: /home/marcb/workspace/lotro/lotro_companion/lotro-items-db/icons/1092997350.png
2025-05-23 20:19:28,587 - __main__ - WARNING - Icon not found: /home/marcb/workspace/lotro/lotro_companion/lotro-items-db/icons/1091581815.png
2025-05-23 20:19:28,588 - __main__ - WARNING - Icon not found: /home/marcb/workspace/lotro/lotro_companion/lotro-items-db/icons/1092934370.png
2025-05-23 20:19:28,588 - __main__ - WARNING - Icon not found: /home/marcb/workspace/lotro/lotro_companion/lotro-items-db/icons/1093003764.png
2025-05-23 20:19:28,588 - __main__ - WARNING - Icon not found: /home/marcb/workspace/lotro/lotro_companion/lotro-items-db/icons/1091476661.png
2025-05-23 20:19:28,588 - __main__ - WARNING - Icon not found: /home/marcb/workspace/lotro/lotro_companion/lotro-items-db/icons/1091662222.png
2025-05-23 20:19:28,588 - __main__ - WARNING - Icon not found: /home/marcb/workspace/lotro/lotro_companion/lotro-items-db/icons/1092915092.png
2025-05-23 20:19:28,588 - __main__ - WARNING - Icon not found: /home/marcb/workspace/lotro/lotro_companion/lotro-items-db/icons/1092522878.png
2025-05-23 20:19:28,588 - __main__ - WARNING - Icon not found: /home/marcb/workspace/lotro/lotro_companion/lotro-items-db/icons/1090524311.png
2025-05-23 20:19:28,588 - __main__ - WARNING - Icon not found: /home/marcb/workspace/lotro/lotro_companion/lotro-items-db/icons/1090519042.png
2025-05-23 20:19:28,588 - __main__ - WARNING - Icon not found: /home/marcb/workspace/lotro/lotro_companion/lotro-items-db/icons/1091530665.png
2025-05-23 20:19:28,588 - __main__ - WARNING - Icon not found: /home/marcb/workspace/lotro/lotro_companion/lotro-items-db/icons/1092915094.png
2025-05-23 20:19:28,588 - __main__ - WARNING - Icon not found: /home/marcb/workspace/lotro/lotro_companion/lotro-items-db/icons/1090557148.png
2025-05-23 20:19:28,588 - __main__ - WARNING - Icon not found: /home/marcb/workspace/lotro/lotro_companion/lotro-items-db/icons/1091991253.png
2025-05-23 20:19:28,588 - __main__ - WARNING - Icon not found: /home/marcb/workspace/lotro/lotro_companion/lotro-items-db/icons/1092934356.png
2025-05-23 20:19:28,589 - __main__ - WARNING - Icon not found: /home/marcb/workspace/lotro/lotro_companion/lotro-items-db/icons/1092995862.png
2025-05-23 20:19:28,589 - __main__ - WARNING - Icon not found: /home/marcb/workspace/lotro/lotro_companion/lotro-items-db/icons/1091709070.png
2025-05-23 20:19:28,589 - __main__ - WARNING - Icon not found: /home/marcb/workspace/lotro/lotro_companion/lotro-items-db/icons/1092445242.png
2025-05-23 20:19:28,589 - __main__ - WARNING - Icon not found: /home/marcb/workspace/lotro/lotro_companion/lotro-items-db/icons/1092941675.png
2025-05-23 20:19:28,589 - __main__ - WARNING - Icon not found: /home/marcb/workspace/lotro/lotro_companion/lotro-items-db/icons/1092906881.png
2025-05-23 20:19:28,589 - __main__ - WARNING - Icon not found: /home/marcb/workspace/lotro/lotro_companion/lotro-items-db/icons/1091633581.png
2025-05-23 20:19:28,589 - __main__ - WARNING - Icon not found: /home/marcb/workspace/lotro/lotro_companion/lotro-items-db/icons/1092755928.png
2025-05-23 20:19:28,589 - __main__ - WARNING - Icon not found: /home/marcb/workspace/lotro/lotro_companion/lotro-items-db/icons/1092906885.png
2025-05-23 20:19:28,589 - __main__ - WARNING - Icon not found: /home/marcb/workspace/lotro/lotro_companion/lotro-items-db/icons/1092906916.png
2025-05-23 20:19:28,589 - __main__ - WARNING - Icon not found: /home/marcb/workspace/lotro/lotro_companion/lotro-items-db/icons/1092993559.png
2025-05-23 20:19:28,589 - __main__ - WARNING - Icon not found: /home/marcb/workspace/lotro/lotro_companion/lotro-items-db/icons/1093003759.png
2025-05-23 20:19:28,589 - __main__ - WARNING - Icon not found: /home/marcb/workspace/lotro/lotro_companion/lotro-items-db/icons/1091575506.png
2025-05-23 20:19:28,589 - __main__ - WARNING - Icon not found: /home/marcb/workspace/lotro/lotro_companion/lotro-items-db/icons/1092340766.png
2025-05-23 20:19:28,590 - __main__ - WARNING - Icon not found: /home/marcb/workspace/lotro/lotro_companion/lotro-items-db/icons/1091668435.png
2025-05-23 20:19:28,590 - __main__ - WARNING - Icon not found: /home/marcb/workspace/lotro/lotro_companion/lotro-items-db/icons/1093003777.png
2025-05-23 20:19:28,590 - __main__ - WARNING - Icon not found: /home/marcb/workspace/lotro/lotro_companion/lotro-items-db/icons/1092941669.png
2025-05-23 20:19:28,590 - __main__ - WARNING - Icon not found: /home/marcb/workspace/lotro/lotro_companion/lotro-items-db/icons/1092906897.png
2025-05-23 20:19:28,590 - __main__ - WARNING - Icon not found: /home/marcb/workspace/lotro/lotro_companion/lotro-items-db/icons/1092912006.png
2025-05-23 20:19:28,590 - __main__ - WARNING - Icon not found: /home/marcb/workspace/lotro/lotro_companion/lotro-items-db/icons/1092594032.png
2025-05-23 20:19:28,590 - __main__ - WARNING - Icon not found: /home/marcb/workspace/lotro/lotro_companion/lotro-items-db/icons/1092906912.png
2025-05-23 20:19:28,590 - __main__ - WARNING - Icon not found: /home/marcb/workspace/lotro/lotro_companion/lotro-items-db/icons/1092404239.png
2025-05-23 20:19:28,590 - __main__ - WARNING - Icon not found: /home/marcb/workspace/lotro/lotro_companion/lotro-items-db/icons/1092525606.png
2025-05-23 20:19:28,590 - __main__ - WARNING - Icon not found: /home/marcb/workspace/lotro/lotro_companion/lotro-items-db/icons/1092942412.png
2025-05-23 20:19:28,590 - __main__ - WARNING - Icon not found: /home/marcb/workspace/lotro/lotro_companion/lotro-items-db/icons/1092997786.png
2025-05-23 20:19:28,590 - __main__ - WARNING - Icon not found: /home/marcb/workspace/lotro/lotro_companion/lotro-items-db/icons/1092993543.png
2025-05-23 20:19:28,590 - __main__ - WARNING - Icon not found: /home/marcb/workspace/lotro/lotro_companion/lotro-items-db/icons/1092906905.png
2025-05-23 20:19:28,591 - __main__ - WARNING - Icon not found: /home/marcb/workspace/lotro/lotro_companion/lotro-items-db/icons/1092997353.png
2025-05-23 20:19:28,591 - __main__ - WARNING - Icon not found: /home/marcb/workspace/lotro/lotro_companion/lotro-items-db/icons/1092941665.png
2025-05-23 20:19:28,591 - __main__ - WARNING - Icon not found: /home/marcb/workspace/lotro/lotro_companion/lotro-items-db/icons/1092912007.png
2025-05-23 20:19:28,591 - __main__ - WARNING - Icon not found: /home/marcb/workspace/lotro/lotro_companion/lotro-items-db/icons/1091668237.png
2025-05-23 20:19:28,591 - __main__ - WARNING - Icon not found: /home/marcb/workspace/lotro/lotro_companion/lotro-items-db/icons/1092941666.png
2025-05-23 20:19:28,591 - __main__ - WARNING - Icon not found: /home/marcb/workspace/lotro/lotro_companion/lotro-items-db/icons/1091957984.png
2025-05-23 20:19:28,591 - __main__ - WARNING - Icon not found: /home/marcb/workspace/lotro/lotro_companion/lotro-items-db/icons/1092906852.png
2025-05-23 20:19:28,591 - __main__ - WARNING - Icon not found: /home/marcb/workspace/lotro/lotro_companion/lotro-items-db/icons/1093003773.png
2025-05-23 20:19:28,591 - __main__ - WARNING - Icon not found: /home/marcb/workspace/lotro/lotro_companion/lotro-items-db/icons/1092401532.png
2025-05-23 20:19:28,591 - __main__ - WARNING - Icon not found: /home/marcb/workspace/lotro/lotro_companion/lotro-items-db/icons/1092993542.png
2025-05-23 20:19:28,591 - __main__ - WARNING - Icon not found: /home/marcb/workspace/lotro/lotro_companion/lotro-items-db/icons/1092993535.png
2025-05-23 20:19:28,591 - __main__ - WARNING - Icon not found: /home/marcb/workspace/lotro/lotro_companion/lotro-items-db/icons/1091581745.png
2025-05-23 20:19:28,591 - __main__ - WARNING - Icon not found: /home/marcb/workspace/lotro/lotro_companion/lotro-items-db/icons/1090523520.png
2025-05-23 20:19:28,592 - __main__ - WARNING - Icon not found: /home/marcb/workspace/lotro/lotro_companion/lotro-items-db/icons/1092912015.png
2025-05-23 20:19:28,592 - __main__ - WARNING - Icon not found: /home/marcb/workspace/lotro/lotro_companion/lotro-items-db/icons/1092906876.png
2025-05-23 20:19:28,592 - __main__ - WARNING - Icon not found: /home/marcb/workspace/lotro/lotro_companion/lotro-items-db/icons/1092906883.png
2025-05-23 20:19:28,592 - __main__ - WARNING - Icon not found: /home/marcb/workspace/lotro/lotro_companion/lotro-items-db/icons/1092993534.png
2025-05-23 20:19:28,592 - __main__ - WARNING - Icon not found: /home/marcb/workspace/lotro/lotro_companion/lotro-items-db/icons/1092756011.png
2025-05-23 20:19:28,592 - __main__ - WARNING - Icon not found: /home/marcb/workspace/lotro/lotro_companion/lotro-items-db/icons/1091668255.png
2025-05-23 20:19:28,592 - __main__ - WARNING - Icon not found: /home/marcb/workspace/lotro/lotro_companion/lotro-items-db/icons/1090524310.png
2025-05-23 20:19:28,592 - __main__ - WARNING - Icon not found: /home/marcb/workspace/lotro/lotro_companion/lotro-items-db/icons/1091804516.png
2025-05-23 20:19:28,592 - __main__ - WARNING - Icon not found: /home/marcb/workspace/lotro/lotro_companion/lotro-items-db/icons/1091991256.png
2025-05-23 20:19:28,592 - __main__ - WARNING - Icon not found: /home/marcb/workspace/lotro/lotro_companion/lotro-items-db/icons/1092594007.png
2025-05-23 20:19:28,592 - __main__ - WARNING - Icon not found: /home/marcb/workspace/lotro/lotro_companion/lotro-items-db/icons/1091646011.png
2025-05-23 20:19:28,592 - __main__ - WARNING - Icon not found: /home/marcb/workspace/lotro/lotro_companion/lotro-items-db/icons/1091812455.png
2025-05-23 20:19:28,593 - __main__ - WARNING - Icon not found: /home/marcb/workspace/lotro/lotro_companion/lotro-items-db/icons/1092997356.png
2025-05-23 20:19:28,593 - __main__ - WARNING - Icon not found: /home/marcb/workspace/lotro/lotro_companion/lotro-items-db/icons/1091477526.png
2025-05-23 20:19:28,593 - __main__ - WARNING - Icon not found: /home/marcb/workspace/lotro/lotro_companion/lotro-items-db/icons/1092934362.png
2025-05-23 20:19:28,593 - __main__ - WARNING - Icon not found: /home/marcb/workspace/lotro/lotro_companion/lotro-items-db/icons/1092993576.png
2025-05-23 20:19:28,593 - __main__ - WARNING - Icon not found: /home/marcb/workspace/lotro/lotro_companion/lotro-items-db/icons/1092401522.png
2025-05-23 20:19:28,593 - __main__ - WARNING - Icon not found: /home/marcb/workspace/lotro/lotro_companion/lotro-items-db/icons/1090527435.png
2025-05-23 20:19:28,593 - __main__ - WARNING - Icon not found: /home/marcb/workspace/lotro/lotro_companion/lotro-items-db/icons/1090519045.png
2025-05-23 20:19:28,593 - __main__ - WARNING - Icon not found: /home/marcb/workspace/lotro/lotro_companion/lotro-items-db/icons/1092401542.png
2025-05-23 20:19:28,593 - __main__ - WARNING - Icon not found: /home/marcb/workspace/lotro/lotro_companion/lotro-items-db/icons/1092915099.png
2025-05-23 20:19:28,593 - __main__ - WARNING - Icon not found: /home/marcb/workspace/lotro/lotro_companion/lotro-items-db/icons/1091388821.png
2025-05-23 20:19:28,593 - __main__ - WARNING - Icon not found: /home/marcb/workspace/lotro/lotro_companion/lotro-items-db/icons/1091958023.png
2025-05-23 20:19:28,593 - __main__ - WARNING - Icon not found: /home/marcb/workspace/lotro/lotro_companion/lotro-items-db/icons/1092906853.png
2025-05-23 20:19:28,593 - __main__ - WARNING - Icon not found: /home/marcb/workspace/lotro/lotro_companion/lotro-items-db/icons/1092906864.png
2025-05-23 20:19:28,594 - __main__ - WARNING - Icon not found: /home/marcb/workspace/lotro/lotro_companion/lotro-items-db/icons/1090527255.png
2025-05-23 20:19:28,594 - __main__ - WARNING - Icon not found: /home/marcb/workspace/lotro/lotro_companion/lotro-items-db/icons/1092906889.png
2025-05-23 20:19:28,594 - __main__ - WARNING - Icon not found: /home/marcb/workspace/lotro/lotro_companion/lotro-items-db/icons/1092997342.png
2025-05-23 20:19:28,594 - __main__ - WARNING - Icon not found: /home/marcb/workspace/lotro/lotro_companion/lotro-items-db/icons/1092401527.png
2025-05-23 20:19:28,594 - __main__ - WARNING - Icon not found: /home/marcb/workspace/lotro/lotro_companion/lotro-items-db/icons/1090648515.png
2025-05-23 20:19:28,594 - __main__ - WARNING - Icon not found: /home/marcb/workspace/lotro/lotro_companion/lotro-items-db/icons/1091991259.png
2025-05-23 20:19:28,594 - __main__ - WARNING - Icon not found: /home/marcb/workspace/lotro/lotro_companion/lotro-items-db/icons/1092912035.png
2025-05-23 20:19:28,594 - __main__ - WARNING - Icon not found: /home/marcb/workspace/lotro/lotro_companion/lotro-items-db/icons/1090648175.png
2025-05-23 20:19:28,594 - __main__ - WARNING - Icon not found: /home/marcb/workspace/lotro/lotro_companion/lotro-items-db/icons/1092906893.png
2025-05-23 20:19:28,594 - __main__ - WARNING - Icon not found: /home/marcb/workspace/lotro/lotro_companion/lotro-items-db/icons/1092941680.png
2025-05-23 20:19:28,594 - __main__ - WARNING - Icon not found: /home/marcb/workspace/lotro/lotro_companion/lotro-items-db/icons/1090519041.png
2025-05-23 20:19:28,594 - __main__ - WARNING - Icon not found: /home/marcb/workspace/lotro/lotro_companion/lotro-items-db/icons/1091718039.png
2025-05-23 20:19:28,594 - __main__ - WARNING - Icon not found: /home/marcb/workspace/lotro/lotro_companion/lotro-items-db/icons/1092997787.png
2025-05-23 20:19:28,595 - __main__ - WARNING - Icon not found: /home/marcb/workspace/lotro/lotro_companion/lotro-items-db/icons/1092993547.png
2025-05-23 20:19:28,595 - __main__ - WARNING - Icon not found: /home/marcb/workspace/lotro/lotro_companion/lotro-items-db/icons/1093003763.png
2025-05-23 20:19:28,595 - __main__ - WARNING - Icon not found: /home/marcb/workspace/lotro/lotro_companion/lotro-items-db/icons/1093003769.png
2025-05-23 20:19:28,595 - __main__ - WARNING - Icon not found: /home/marcb/workspace/lotro/lotro_companion/lotro-items-db/icons/1091662202.png
2025-05-23 20:19:28,595 - __main__ - WARNING - Icon not found: /home/marcb/workspace/lotro/lotro_companion/lotro-items-db/icons/1090524312.png
2025-05-23 20:19:28,595 - __main__ - WARNING - Icon not found: /home/marcb/workspace/lotro/lotro_companion/lotro-items-db/icons/1091564991.png
2025-05-23 20:19:28,595 - __main__ - WARNING - Icon not found: /home/marcb/workspace/lotro/lotro_companion/lotro-items-db/icons/1092522876.png
2025-05-23 20:19:28,595 - __main__ - WARNING - Icon not found: /home/marcb/workspace/lotro/lotro_companion/lotro-items-db/icons/1092997357.png
2025-05-23 20:19:28,595 - __main__ - WARNING - Icon not found: /home/marcb/workspace/lotro/lotro_companion/lotro-items-db/icons/1092979898.png
2025-05-23 20:19:28,595 - __main__ - WARNING - Icon not found: /home/marcb/workspace/lotro/lotro_companion/lotro-items-db/icons/1092445240.png
2025-05-23 20:19:28,595 - __main__ - WARNING - Icon not found: /home/marcb/workspace/lotro/lotro_companion/lotro-items-db/icons/1092993549.png
2025-05-23 20:19:28,595 - __main__ - WARNING - Icon not found: /home/marcb/workspace/lotro/lotro_companion/lotro-items-db/icons/1092942418.png
2025-05-23 20:19:28,595 - __main__ - WARNING - Icon not found: /home/marcb/workspace/lotro/lotro_companion/lotro-items-db/icons/1093003761.png
2025-05-23 20:19:28,596 - __main__ - WARNING - Icon not found: /home/marcb/workspace/lotro/lotro_companion/lotro-items-db/icons/1092445241.png
2025-05-23 20:19:28,596 - __main__ - WARNING - Icon not found: /home/marcb/workspace/lotro/lotro_companion/lotro-items-db/icons/1092915101.png
2025-05-23 20:19:28,596 - __main__ - WARNING - Icon not found: /home/marcb/workspace/lotro/lotro_companion/lotro-items-db/icons/1091474957.png
2025-05-23 20:19:28,596 - __main__ - WARNING - Icon not found: /home/marcb/workspace/lotro/lotro_companion/lotro-items-db/icons/1092941306.png
2025-05-23 20:19:28,596 - __main__ - WARNING - Icon not found: /home/marcb/workspace/lotro/lotro_companion/lotro-items-db/icons/1092906903.png
2025-05-23 20:19:28,596 - __main__ - WARNING - Icon not found: /home/marcb/workspace/lotro/lotro_companion/lotro-items-db/icons/1091717908.png
2025-05-23 20:19:28,596 - __main__ - WARNING - Icon not found: /home/marcb/workspace/lotro/lotro_companion/lotro-items-db/icons/1093003778.png
2025-05-23 20:19:28,596 - __main__ - WARNING - Icon not found: /home/marcb/workspace/lotro/lotro_companion/lotro-items-db/icons/1092445229.png
2025-05-23 20:19:28,596 - __main__ - WARNING - Icon not found: /home/marcb/workspace/lotro/lotro_companion/lotro-items-db/icons/1092997789.png
2025-05-23 20:19:28,596 - __main__ - WARNING - Icon not found: /home/marcb/workspace/lotro/lotro_companion/lotro-items-db/icons/1092401526.png
2025-05-23 20:19:28,596 - __main__ - WARNING - Icon not found: /home/marcb/workspace/lotro/lotro_companion/lotro-items-db/icons/1091581817.png
2025-05-23 20:19:28,596 - __main__ - WARNING - Icon not found: /home/marcb/workspace/lotro/lotro_companion/lotro-items-db/icons/1092942401.png
2025-05-23 20:19:28,596 - __main__ - WARNING - Icon not found: /home/marcb/workspace/lotro/lotro_companion/lotro-items-db/icons/1092284372.png
2025-05-23 20:19:28,596 - __main__ - WARNING - Icon not found: /home/marcb/workspace/lotro/lotro_companion/lotro-items-db/icons/1093003776.png
2025-05-23 20:19:28,597 - __main__ - WARNING - Icon not found: /home/marcb/workspace/lotro/lotro_companion/lotro-items-db/icons/1092594048.png
2025-05-23 20:19:28,597 - __main__ - WARNING - Icon not found: /home/marcb/workspace/lotro/lotro_companion/lotro-items-db/icons/1093003529.png
2025-05-23 20:19:28,597 - __main__ - WARNING - Icon not found: /home/marcb/workspace/lotro/lotro_companion/lotro-items-db/icons/1092755982.png
2025-05-23 20:19:28,597 - __main__ - WARNING - Icon not found: /home/marcb/workspace/lotro/lotro_companion/lotro-items-db/icons/1090552923.png
2025-05-23 20:19:28,597 - __main__ - WARNING - Icon not found: /home/marcb/workspace/lotro/lotro_companion/lotro-items-db/icons/1092445243.png
2025-05-23 20:19:28,597 - __main__ - WARNING - Icon not found: /home/marcb/workspace/lotro/lotro_companion/lotro-items-db/icons/1092406661.png
2025-05-23 20:19:28,597 - __main__ - WARNING - Icon not found: /home/marcb/workspace/lotro/lotro_companion/lotro-items-db/icons/1090523485.png
2025-05-23 20:19:28,597 - __main__ - WARNING - Icon not found: /home/marcb/workspace/lotro/lotro_companion/lotro-items-db/icons/1092941662.png
2025-05-23 20:19:28,597 - __main__ - WARNING - Icon not found: /home/marcb/workspace/lotro/lotro_companion/lotro-items-db/icons/1091581791.png
2025-05-23 20:19:28,597 - __main__ - WARNING - Icon not found: /home/marcb/workspace/lotro/lotro_companion/lotro-items-db/icons/1090623544.png
2025-05-23 20:19:28,597 - __main__ - WARNING - Icon not found: /home/marcb/workspace/lotro/lotro_companion/lotro-items-db/icons/1092993533.png
2025-05-23 20:19:28,597 - __main__ - WARNING - Icon not found: /home/marcb/workspace/lotro/lotro_companion/lotro-items-db/icons/1092912013.png
2025-05-23 20:19:28,597 - __main__ - WARNING - Icon not found: /home/marcb/workspace/lotro/lotro_companion/lotro-items-db/icons/1092997785.png
2025-05-23 20:19:28,598 - __main__ - WARNING - Icon not found: /home/marcb/workspace/lotro/lotro_companion/lotro-items-db/icons/1091421730.png
2025-05-23 20:19:28,598 - __main__ - WARNING - Icon not found: /home/marcb/workspace/lotro/lotro_companion/lotro-items-db/icons/1091718027.png
2025-05-23 20:19:28,598 - __main__ - WARNING - Icon not found: /home/marcb/workspace/lotro/lotro_companion/lotro-items-db/icons/1092997351.png
2025-05-23 20:19:28,598 - __main__ - WARNING - Icon not found: /home/marcb/workspace/lotro/lotro_companion/lotro-items-db/icons/1092445228.png
2025-05-23 20:19:28,598 - __main__ - WARNING - Icon not found: /home/marcb/workspace/lotro/lotro_companion/lotro-items-db/icons/1092942417.png
2025-05-23 20:19:28,598 - __main__ - WARNING - Icon not found: /home/marcb/workspace/lotro/lotro_companion/lotro-items-db/icons/1092522877.png
2025-05-23 20:19:28,598 - __main__ - WARNING - Icon not found: /home/marcb/workspace/lotro/lotro_companion/lotro-items-db/icons/1093003765.png
2025-05-23 20:19:28,598 - __main__ - WARNING - Icon not found: /home/marcb/workspace/lotro/lotro_companion/lotro-items-db/icons/1092941674.png
2025-05-23 20:19:28,598 - __main__ - WARNING - Icon not found: /home/marcb/workspace/lotro/lotro_companion/lotro-items-db/icons/1092993548.png
2025-05-23 20:19:28,598 - __main__ - WARNING - Icon not found: /home/marcb/workspace/lotro/lotro_companion/lotro-items-db/icons/1092912042.png
2025-05-23 20:19:28,598 - __main__ - WARNING - Icon not found: /home/marcb/workspace/lotro/lotro_companion/lotro-items-db/icons/1092906894.png
2025-05-23 20:19:28,598 - __main__ - WARNING - Icon not found: /home/marcb/workspace/lotro/lotro_companion/lotro-items-db/icons/1092997360.png
2025-05-23 20:19:28,598 - __main__ - WARNING - Icon not found: /home/marcb/workspace/lotro/lotro_companion/lotro-items-db/icons/1091621086.png
2025-05-23 20:19:28,599 - __main__ - WARNING - Icon not found: /home/marcb/workspace/lotro/lotro_companion/lotro-items-db/icons/1092433514.png
2025-05-23 20:19:28,599 - __main__ - WARNING - Icon not found: /home/marcb/workspace/lotro/lotro_companion/lotro-items-db/icons/1092934353.png
2025-05-23 20:19:28,599 - __main__ - WARNING - Icon not found: /home/marcb/workspace/lotro/lotro_companion/lotro-items-db/icons/1090525440.png
2025-05-23 20:19:28,599 - __main__ - WARNING - Icon not found: /home/marcb/workspace/lotro/lotro_companion/lotro-items-db/icons/1092906854.png
2025-05-23 20:19:28,599 - __main__ - WARNING - Icon not found: /home/marcb/workspace/lotro/lotro_companion/lotro-items-db/icons/1091717902.png
2025-05-23 20:19:28,599 - __main__ - WARNING - Icon not found: /home/marcb/workspace/lotro/lotro_companion/lotro-items-db/icons/1092979846.png
2025-05-23 20:19:28,599 - __main__ - WARNING - Icon not found: /home/marcb/workspace/lotro/lotro_companion/lotro-items-db/icons/1091668254.png
2025-05-23 20:19:28,599 - __main__ - WARNING - Icon not found: /home/marcb/workspace/lotro/lotro_companion/lotro-items-db/icons/1092997358.png
2025-05-23 20:19:28,599 - __main__ - WARNING - Icon not found: /home/marcb/workspace/lotro/lotro_companion/lotro-items-db/icons/1092979895.png
2025-05-23 20:19:28,599 - __main__ - WARNING - Icon not found: /home/marcb/workspace/lotro/lotro_companion/lotro-items-db/icons/1092993569.png
2025-05-23 20:19:28,599 - __main__ - WARNING - Icon not found: /home/marcb/workspace/lotro/lotro_companion/lotro-items-db/icons/1090525455.png
2025-05-23 20:19:28,599 - __main__ - WARNING - Icon not found: /home/marcb/workspace/lotro/lotro_companion/lotro-items-db/icons/1091717914.png
2025-05-23 20:19:28,599 - __main__ - WARNING - Icon not found: /home/marcb/workspace/lotro/lotro_companion/lotro-items-db/icons/1090525437.png
2025-05-23 20:19:28,600 - __main__ - WARNING - Icon not found: /home/marcb/workspace/lotro/lotro_companion/lotro-items-db/icons/1091668246.png
2025-05-23 20:19:28,600 - __main__ - WARNING - Icon not found: /home/marcb/workspace/lotro/lotro_companion/lotro-items-db/icons/1091476419.png
2025-05-23 20:19:28,600 - __main__ - WARNING - Icon not found: /home/marcb/workspace/lotro/lotro_companion/lotro-items-db/icons/1092912018.png
2025-05-23 20:19:28,600 - __main__ - WARNING - Icon not found: /home/marcb/workspace/lotro/lotro_companion/lotro-items-db/icons/1092997355.png
2025-05-23 20:19:28,600 - __main__ - WARNING - Icon not found: /home/marcb/workspace/lotro/lotro_companion/lotro-items-db/icons/1092906899.png
2025-05-23 20:19:28,600 - __main__ - WARNING - Icon not found: /home/marcb/workspace/lotro/lotro_companion/lotro-items-db/icons/1092995895.png
2025-05-23 20:19:28,600 - __main__ - WARNING - Icon not found: /home/marcb/workspace/lotro/lotro_companion/lotro-items-db/icons/1090525685.png
2025-05-23 20:19:28,600 - __main__ - WARNING - Icon not found: /home/marcb/workspace/lotro/lotro_companion/lotro-items-db/icons/1091668248.png
2025-05-23 20:19:28,600 - __main__ - WARNING - Icon not found: /home/marcb/workspace/lotro/lotro_companion/lotro-items-db/icons/1092979897.png
2025-05-23 20:19:28,601 - __main__ - WARNING - Icon not found: /home/marcb/workspace/lotro/lotro_companion/lotro-items-db/icons/1093003762.png
2025-05-23 20:19:28,601 - __main__ - WARNING - Icon not found: /home/marcb/workspace/lotro/lotro_companion/lotro-items-db/icons/1092912041.png
2025-05-23 20:19:28,601 - __main__ - WARNING - Icon not found: /home/marcb/workspace/lotro/lotro_companion/lotro-items-db/icons/1092997352.png
2025-05-23 20:19:28,601 - __main__ - WARNING - Icon not found: /home/marcb/workspace/lotro/lotro_companion/lotro-items-db/icons/1092915098.png
2025-05-23 20:19:28,601 - __main__ - WARNING - Icon not found: /home/marcb/workspace/lotro/lotro_companion/lotro-items-db/icons/1090526123.png
2025-05-23 20:19:28,601 - __main__ - WARNING - Icon not found: /home/marcb/workspace/lotro/lotro_companion/lotro-items-db/icons/1092941682.png
2025-05-23 20:19:28,601 - __main__ - WARNING - Icon not found: /home/marcb/workspace/lotro/lotro_companion/lotro-items-db/icons/1092445230.png
2025-05-23 20:19:28,601 - __main__ - WARNING - Icon not found: /home/marcb/workspace/lotro/lotro_companion/lotro-items-db/icons/1092997348.png
2025-05-23 20:19:28,601 - __main__ - WARNING - Icon not found: /home/marcb/workspace/lotro/lotro_companion/lotro-items-db/icons/1091472617.png
2025-05-23 20:19:28,601 - __main__ - WARNING - Icon not found: /home/marcb/workspace/lotro/lotro_companion/lotro-items-db/icons/1092912016.png
2025-05-23 20:19:28,601 - __main__ - WARNING - Icon not found: /home/marcb/workspace/lotro/lotro_companion/lotro-items-db/icons/1091798953.png
2025-05-23 20:19:28,601 - __main__ - WARNING - Icon not found: /home/marcb/workspace/lotro/lotro_companion/lotro-items-db/icons/1091662216.png
2025-05-23 20:19:28,602 - __main__ - WARNING - Icon not found: /home/marcb/workspace/lotro/lotro_companion/lotro-items-db/icons/1092906851.png
2025-05-23 20:19:28,602 - __main__ - WARNING - Icon not found: /home/marcb/workspace/lotro/lotro_companion/lotro-items-db/icons/1091722983.png
2025-05-23 20:19:28,602 - __main__ - WARNING - Icon not found: /home/marcb/workspace/lotro/lotro_companion/lotro-items-db/icons/1091666507.png
2025-05-23 20:19:28,602 - __main__ - WARNING - Icon not found: /home/marcb/workspace/lotro/lotro_companion/lotro-items-db/icons/1092997362.png
2025-05-23 20:19:28,602 - __main__ - WARNING - Icon not found: /home/marcb/workspace/lotro/lotro_companion/lotro-items-db/icons/1092979840.png
2025-05-23 20:19:28,602 - __main__ - WARNING - Icon not found: /home/marcb/workspace/lotro/lotro_companion/lotro-items-db/icons/1093003774.png
2025-05-23 20:19:28,602 - __main__ - WARNING - Icon not found: /home/marcb/workspace/lotro/lotro_companion/lotro-items-db/icons/1092906896.png
2025-05-23 20:19:28,602 - __main__ - WARNING - Icon not found: /home/marcb/workspace/lotro/lotro_companion/lotro-items-db/icons/1092401451.png
2025-05-23 20:19:28,602 - __main__ - WARNING - Icon not found: /home/marcb/workspace/lotro/lotro_companion/lotro-items-db/icons/1092445244.png
2025-05-23 20:19:28,602 - __main__ - WARNING - Icon not found: /home/marcb/workspace/lotro/lotro_companion/lotro-items-db/icons/1091693507.png
2025-05-23 20:19:28,602 - __main__ - WARNING - Icon not found: /home/marcb/workspace/lotro/lotro_companion/lotro-items-db/icons/1092906907.png
2025-05-23 20:19:28,603 - __main__ - WARNING - Icon not found: /home/marcb/workspace/lotro/lotro_companion/lotro-items-db/icons/1092906878.png
2025-05-23 20:19:28,603 - __main__ - WARNING - Icon not found: /home/marcb/workspace/lotro/lotro_companion/lotro-items-db/icons/1093003528.png
2025-05-23 20:19:28,603 - __main__ - WARNING - Icon not found: /home/marcb/workspace/lotro/lotro_companion/lotro-items-db/icons/1090532809.png
2025-05-23 20:19:28,603 - __main__ - WARNING - Icon not found: /home/marcb/workspace/lotro/lotro_companion/lotro-items-db/icons/1091525873.png
2025-05-23 20:19:28,603 - __main__ - WARNING - Icon not found: /home/marcb/workspace/lotro/lotro_companion/lotro-items-db/icons/1091722999.png
2025-05-23 20:19:28,603 - __main__ - WARNING - Icon not found: /home/marcb/workspace/lotro/lotro_companion/lotro-items-db/icons/1092522842.png
2025-05-23 20:19:28,603 - __main__ - WARNING - Icon not found: /home/marcb/workspace/lotro/lotro_companion/lotro-items-db/icons/1093003766.png
2025-05-23 20:19:28,603 - __main__ - WARNING - Icon not found: /home/marcb/workspace/lotro/lotro_companion/lotro-items-db/icons/1090552922.png
2025-05-23 20:19:28,603 - __main__ - WARNING - Icon not found: /home/marcb/workspace/lotro/lotro_companion/lotro-items-db/icons/1093003887.png
2025-05-23 20:19:28,603 - __main__ - WARNING - Icon not found: /home/marcb/workspace/lotro/lotro_companion/lotro-items-db/icons/1090524707.png
2025-05-23 20:19:28,603 - __main__ - WARNING - Icon not found: /home/marcb/workspace/lotro/lotro_companion/lotro-items-db/icons/1092906880.png
2025-05-23 20:19:28,603 - __main__ - WARNING - Icon not found: /home/marcb/workspace/lotro/lotro_companion/lotro-items-db/icons/1092445227.png
2025-05-23 20:19:28,604 - __main__ - WARNING - Icon not found: /home/marcb/workspace/lotro/lotro_companion/lotro-items-db/icons/1092445231.png
2025-05-23 20:19:28,604 - __main__ - WARNING - Icon not found: /home/marcb/workspace/lotro/lotro_companion/lotro-items-db/icons/1091957988.png
2025-05-23 20:19:28,604 - __main__ - WARNING - Icon not found: /home/marcb/workspace/lotro/lotro_companion/lotro-items-db/icons/1092934369.png
2025-05-23 20:19:28,604 - __main__ - WARNING - Icon not found: /home/marcb/workspace/lotro/lotro_companion/lotro-items-db/icons/1092993566.png
2025-05-23 20:19:28,604 - __main__ - WARNING - Icon not found: /home/marcb/workspace/lotro/lotro_companion/lotro-items-db/icons/1090527519.png
2025-05-23 20:19:28,604 - __main__ - WARNING - Icon not found: /home/marcb/workspace/lotro/lotro_companion/lotro-items-db/icons/1091812463.png
2025-05-23 20:19:28,604 - __main__ - WARNING - Icon not found: /home/marcb/workspace/lotro/lotro_companion/lotro-items-db/icons/1090641907.png
2025-05-23 20:19:28,604 - __main__ - WARNING - Icon not found: /home/marcb/workspace/lotro/lotro_companion/lotro-items-db/icons/1092993574.png
2025-05-23 20:19:28,604 - __main__ - WARNING - Icon not found: /home/marcb/workspace/lotro/lotro_companion/lotro-items-db/icons/1090532810.png
2025-05-23 20:19:28,604 - __main__ - WARNING - Icon not found: /home/marcb/workspace/lotro/lotro_companion/lotro-items-db/icons/1092906913.png
2025-05-23 20:19:28,604 - __main__ - WARNING - Icon not found: /home/marcb/workspace/lotro/lotro_companion/lotro-items-db/icons/1091717957.png
2025-05-23 20:19:28,604 - __main__ - WARNING - Icon not found: /home/marcb/workspace/lotro/lotro_companion/lotro-items-db/icons/1092906856.png
2025-05-23 20:19:28,604 - __main__ - WARNING - Icon not found: /home/marcb/workspace/lotro/lotro_companion/lotro-items-db/icons/1092906886.png
2025-05-23 20:19:28,605 - __main__ - WARNING - Icon not found: /home/marcb/workspace/lotro/lotro_companion/lotro-items-db/icons/1092906867.png
2025-05-23 20:19:28,605 - __main__ - WARNING - Icon not found: /home/marcb/workspace/lotro/lotro_companion/lotro-items-db/icons/1092995868.png
2025-05-23 20:19:28,605 - __main__ - WARNING - Icon not found: /home/marcb/workspace/lotro/lotro_companion/lotro-items-db/icons/1093003775.png
2025-05-23 20:19:28,605 - __main__ - WARNING - Icon not found: /home/marcb/workspace/lotro/lotro_companion/lotro-items-db/icons/1090641906.png
2025-05-23 20:19:28,605 - __main__ - WARNING - Icon not found: /home/marcb/workspace/lotro/lotro_companion/lotro-items-db/icons/1092522846.png
2025-05-23 20:19:28,605 - __main__ - WARNING - Icon not found: /home/marcb/workspace/lotro/lotro_companion/lotro-items-db/icons/1092406386.png
2025-05-23 20:19:28,605 - __main__ - WARNING - Icon not found: /home/marcb/workspace/lotro/lotro_companion/lotro-items-db/icons/1090523521.png
2025-05-23 20:19:28,605 - __main__ - WARNING - Icon not found: /home/marcb/workspace/lotro/lotro_companion/lotro-items-db/icons/1091667760.png
2025-05-23 20:19:28,605 - __main__ - WARNING - Icon not found: /home/marcb/workspace/lotro/lotro_companion/lotro-items-db/icons/1092912014.png
2025-05-23 20:19:28,605 - __main__ - WARNING - Icon not found: /home/marcb/workspace/lotro/lotro_companion/lotro-items-db/icons/1092995908.png
2025-05-23 20:19:28,605 - __main__ - WARNING - Icon not found: /home/marcb/workspace/lotro/lotro_companion/lotro-items-db/icons/1092988940.png
2025-05-23 20:19:28,605 - __main__ - WARNING - Icon not found: /home/marcb/workspace/lotro/lotro_companion/lotro-items-db/icons/1091718018.png
2025-05-23 20:19:28,606 - __main__ - WARNING - Icon not found: /home/marcb/workspace/lotro/lotro_companion/lotro-items-db/icons/1091958000.png
2025-05-23 20:19:28,606 - __main__ - WARNING - Icon not found: /home/marcb/workspace/lotro/lotro_companion/lotro-items-db/icons/1092906911.png
2025-05-23 20:19:28,606 - __main__ - WARNING - Icon not found: /home/marcb/workspace/lotro/lotro_companion/lotro-items-db/icons/1092906915.png
2025-05-23 20:19:28,606 - __main__ - WARNING - Icon not found: /home/marcb/workspace/lotro/lotro_companion/lotro-items-db/icons/1092993536.png
2025-05-23 20:19:28,606 - __main__ - WARNING - Icon not found: /home/marcb/workspace/lotro/lotro_companion/lotro-items-db/icons/1092395770.png
2025-05-23 20:19:28,606 - __main__ - WARNING - Icon not found: /home/marcb/workspace/lotro/lotro_companion/lotro-items-db/icons/1091667759.png
2025-05-23 20:19:28,606 - __main__ - WARNING - Icon not found: /home/marcb/workspace/lotro/lotro_companion/lotro-items-db/icons/1091575080.png
2025-05-23 20:19:28,606 - __main__ - WARNING - Icon not found: /home/marcb/workspace/lotro/lotro_companion/lotro-items-db/icons/1092997790.png
2025-05-23 20:19:28,606 - __main__ - WARNING - Icon not found: /home/marcb/workspace/lotro/lotro_companion/lotro-items-db/icons/1092941671.png
2025-05-23 20:19:28,606 - __main__ - WARNING - Icon not found: /home/marcb/workspace/lotro/lotro_companion/lotro-items-db/icons/1092941673.png
2025-05-23 20:19:28,606 - __main__ - WARNING - Icon not found: /home/marcb/workspace/lotro/lotro_companion/lotro-items-db/icons/1091751190.png
2025-05-23 20:19:28,606 - __main__ - WARNING - Icon not found: /home/marcb/workspace/lotro/lotro_companion/lotro-items-db/icons/1090526114.png
2025-05-23 20:19:28,607 - __main__ - WARNING - Icon not found: /home/marcb/workspace/lotro/lotro_companion/lotro-items-db/icons/1091667831.png
2025-05-23 20:19:28,607 - __main__ - WARNING - Icon not found: /home/marcb/workspace/lotro/lotro_companion/lotro-items-db/icons/1091968607.png
2025-05-23 20:19:28,607 - __main__ - WARNING - Icon not found: /home/marcb/workspace/lotro/lotro_companion/lotro-items-db/icons/1090552924.png
2025-05-23 20:19:28,607 - __main__ - WARNING - Icon not found: /home/marcb/workspace/lotro/lotro_companion/lotro-items-db/icons/1092405934.png
2025-05-23 20:19:28,607 - __main__ - WARNING - Icon not found: /home/marcb/workspace/lotro/lotro_companion/lotro-items-db/icons/1092912037.png
2025-05-23 20:19:28,607 - __main__ - WARNING - Icon not found: /home/marcb/workspace/lotro/lotro_companion/lotro-items-db/icons/1091668434.png
2025-05-23 20:19:28,607 - __main__ - WARNING - Icon not found: /home/marcb/workspace/lotro/lotro_companion/lotro-items-db/icons/1091753433.png
2025-05-23 20:19:28,607 - __main__ - WARNING - Icon not found: /home/marcb/workspace/lotro/lotro_companion/lotro-items-db/icons/1092522845.png
2025-05-23 20:19:28,607 - __main__ - WARNING - Icon not found: /home/marcb/workspace/lotro/lotro_companion/lotro-items-db/icons/1092522861.png
2025-05-23 20:19:28,607 - __main__ - WARNING - Icon not found: /home/marcb/workspace/lotro/lotro_companion/lotro-items-db/icons/1091415823.png
2025-05-23 20:19:28,607 - __main__ - WARNING - Icon not found: /home/marcb/workspace/lotro/lotro_companion/lotro-items-db/icons/1092906906.png
2025-05-23 20:19:28,607 - __main__ - WARNING - Icon not found: /home/marcb/workspace/lotro/lotro_companion/lotro-items-db/icons/1091717979.png
2025-05-23 20:19:28,608 - __main__ - WARNING - Icon not found: /home/marcb/workspace/lotro/lotro_companion/lotro-items-db/icons/1091717954.png
2025-05-23 20:19:28,608 - __main__ - WARNING - Icon not found: /home/marcb/workspace/lotro/lotro_companion/lotro-items-db/icons/1092979894.png
2025-05-23 20:19:28,608 - __main__ - WARNING - Icon not found: /home/marcb/workspace/lotro/lotro_companion/lotro-items-db/icons/1091664958.png
2025-05-23 20:19:28,608 - __main__ - WARNING - Icon not found: /home/marcb/workspace/lotro/lotro_companion/lotro-items-db/icons/1091668436.png
2025-05-23 20:19:28,608 - __main__ - WARNING - Icon not found: /home/marcb/workspace/lotro/lotro_companion/lotro-items-db/icons/1092906884.png
2025-05-23 20:19:28,608 - __main__ - WARNING - Icon not found: /home/marcb/workspace/lotro/lotro_companion/lotro-items-db/icons/1091668247.png
2025-05-23 20:19:28,608 - __main__ - WARNING - Icon not found: /home/marcb/workspace/lotro/lotro_companion/lotro-items-db/icons/1092912036.png
2025-05-23 20:19:28,608 - __main__ - WARNING - Icon not found: /home/marcb/workspace/lotro/lotro_companion/lotro-items-db/icons/1092906910.png
2025-05-23 20:19:28,608 - __main__ - WARNING - Icon not found: /home/marcb/workspace/lotro/lotro_companion/lotro-items-db/icons/1092915089.png
2025-05-23 20:19:28,608 - __main__ - WARNING - Icon not found: /home/marcb/workspace/lotro/lotro_companion/lotro-items-db/icons/1091717945.png
2025-05-23 20:19:28,608 - __main__ - WARNING - Icon not found: /home/marcb/workspace/lotro/lotro_companion/lotro-items-db/icons/1091464604.png
2025-05-23 20:19:28,608 - __main__ - WARNING - Icon not found: /home/marcb/workspace/lotro/lotro_companion/lotro-items-db/icons/1092993571.png
2025-05-23 20:19:28,608 - __main__ - WARNING - Icon not found: /home/marcb/workspace/lotro/lotro_companion/lotro-items-db/icons/1092993553.png
2025-05-23 20:19:28,609 - __main__ - WARNING - Icon not found: /home/marcb/workspace/lotro/lotro_companion/lotro-items-db/icons/1092401462.png
2025-05-23 20:19:28,609 - __main__ - WARNING - Icon not found: /home/marcb/workspace/lotro/lotro_companion/lotro-items-db/icons/1092997347.png
2025-05-23 20:19:28,609 - __main__ - WARNING - Icon not found: /home/marcb/workspace/lotro/lotro_companion/lotro-items-db/icons/1092445237.png
2025-05-23 20:19:28,609 - __main__ - WARNING - Icon not found: /home/marcb/workspace/lotro/lotro_companion/lotro-items-db/icons/1092401537.png
2025-05-23 20:19:28,609 - __main__ - WARNING - Icon not found: /home/marcb/workspace/lotro/lotro_companion/lotro-items-db/icons/1090524763.png
2025-05-23 20:19:28,609 - __main__ - WARNING - Icon not found: /home/marcb/workspace/lotro/lotro_companion/lotro-items-db/icons/1092997346.png
2025-05-23 20:19:28,609 - __main__ - WARNING - Icon not found: /home/marcb/workspace/lotro/lotro_companion/lotro-items-db/icons/1092993544.png
2025-05-23 20:19:28,609 - __main__ - WARNING - Icon not found: /home/marcb/workspace/lotro/lotro_companion/lotro-items-db/icons/1091415811.png
2025-05-23 20:19:28,609 - __main__ - WARNING - Icon not found: /home/marcb/workspace/lotro/lotro_companion/lotro-items-db/icons/1092942407.png
2025-05-23 20:19:28,609 - __main__ - INFO - Icon copy complete: 0 new, 0 existing, 523 missing
2025-05-23 20:19:28,610 - __main__ - INFO - Items import completed successfully!
