2025-05-23 20:34:08,310 - __main__ - INFO - Logging to /home/marcb/workspace/lotro/lotro_forge/import_items_20250523_203408.log/import.log
2025-05-23 20:34:08,310 - __main__ - INFO - Starting items import...
2025-05-23 20:34:08,335 - __main__ - INFO - Dropping all tables...
2025-05-23 20:34:08,363 - __main__ - INFO - Recreating tables...
2025-05-23 20:34:08,423 - __main__ - INFO - Database wiped successfully
2025-05-23 20:34:08,423 - __main__ - INFO - Starting comprehensive items import with dependencies...
2025-05-23 20:34:08,423 - __main__ - INFO - Analyzing required progression tables...
2025-05-23 20:34:11,001 - ItemImporter - INFO - Parsed 143947 total items, filtered to 1854 equipment items level 500+
2025-05-23 20:34:11,476 - ItemImporter - INFO - Processed 1854 filtered items:
2025-05-23 20:34:11,477 - ItemImporter - INFO -   Items with scaling: 1575
2025-05-23 20:34:11,477 - ItemImporter - INFO -   Items with stats: 1854
2025-05-23 20:34:11,477 - ItemImporter - INFO - Found 291 required progression tables
2025-05-23 20:34:11,509 - ProgressionsImporter - INFO - Importing 291 specific progression tables...
2025-05-23 20:34:11,732 - ProgressionsImporter - INFO - Parsed 262 tables from progressions.xml
2025-05-23 20:34:12,071 - ProgressionsImporter - INFO - Successfully imported 262 tables and 4998 values
2025-05-23 20:34:12,071 - ProgressionsImporter - INFO - Successfully imported 262 specific progression tables
2025-05-23 20:34:12,072 - __main__ - INFO - Analyzing required DPS tables...
2025-05-23 20:34:14,279 - ItemImporter - INFO - Parsed 143947 total items, filtered to 1854 equipment items level 500+
2025-05-23 20:34:14,402 - ItemImporter - INFO - Found 2 required DPS tables from 1854 items
2025-05-23 20:34:14,759 - ItemImporter - INFO - Importing 2 required DPS tables...
2025-05-23 20:34:14,763 - root - INFO - Parsed 6 DPS tables
2025-05-23 20:34:14,764 - root - INFO - Starting DPS tables import...
2025-05-23 20:34:15,018 - root - INFO - Successfully imported 2 DPS tables
2025-05-23 20:34:15,018 - ItemImporter - INFO - Successfully imported 2 DPS tables
2025-05-23 20:34:15,018 - __main__ - INFO - Importing items...
2025-05-23 20:34:15,018 - ItemImporter - INFO - Starting import process...
2025-05-23 20:34:17,447 - ItemImporter - INFO - Parsed 143947 total items, filtered to 1854 equipment items level 500+
2025-05-23 20:34:17,581 - ItemImporter - INFO - Transforming data...
2025-05-23 20:34:18,024 - ItemImporter - INFO - Importing data...
2025-05-23 20:34:26,137 - ItemImporter - INFO - Successfully imported 1854 equipment items and 7592 stats
2025-05-23 20:34:26,138 - ItemImporter - INFO - Import completed successfully
2025-05-23 20:34:26,156 - __main__ - INFO - Collecting required icons...
2025-05-23 20:34:28,603 - ItemImporter - INFO - Parsed 143947 total items, filtered to 1854 equipment items level 500+
2025-05-23 20:34:29,115 - __main__ - INFO - Committing database changes...
2025-05-23 20:34:29,118 - __main__ - INFO - Copying required icons...
2025-05-23 20:34:29,126 - __main__ - INFO - Icon copy complete: 0 new, 523 existing, 0 missing
2025-05-23 20:34:29,126 - __main__ - INFO - Items import completed successfully!
